<?xml version="1.0" encoding="utf-8"?>
<!DOCTYPE coverage SYSTEM "http://cobertura.sourceforge.net/xml/coverage-04.dtd">
<coverage line-rate="0.277184657967576" branch-rate="0.202937249666222" lines-covered="2103" lines-valid="7587" branches-covered="456" branches-valid="2247" complexity="3459" version="0" timestamp="1758221955">
  <sources />
  <packages>
    <package name="FakeItEasy" line-rate="0.250369822485207" branch-rate="0.211325966850829" complexity="2433">
      <classes>
        <class name="FakeItEasy.A" filename="D:\a\FakeItEasy\FakeItEasy\src\FakeItEasy\A.cs" line-rate="1" branch-rate="1" complexity="17">
          <methods>
            <method name="get_FakeAndDummyManager" signature="()" line-rate="1" branch-rate="1" complexity="1">
              <lines />
            </method>
            <method name="get_ConfigurationManager" signature="()" line-rate="1" branch-rate="1" complexity="1">
              <lines />
            </method>
            <method name="Fake&lt;T&gt;" signature="()" line-rate="1" branch-rate="1" complexity="1">
              <lines />
            </method>
            <method name="Fake&lt;T&gt;" signature="(...)" line-rate="1" branch-rate="1" complexity="1">
              <lines />
            </method>
            <method name="CollectionOfFake&lt;T&gt;" signature="(...)" line-rate="1" branch-rate="1" complexity="2">
              <lines />
            </method>
            <method name="CollectionOfFake&lt;T&gt;" signature="(...)" line-rate="1" branch-rate="1" complexity="1">
              <lines />
            </method>
            <method name="CollectionOfFake&lt;T&gt;" signature="(...)" line-rate="1" branch-rate="1" complexity="1">
              <lines />
            </method>
            <method name="Dummy&lt;T&gt;" signature="()" line-rate="1" branch-rate="1" complexity="1">
              <lines />
            </method>
            <method name="CollectionOfDummy&lt;T&gt;" signature="(...)" line-rate="1" branch-rate="1" complexity="2">
              <lines />
            </method>
            <method name="CallTo" signature="(...)" line-rate="1" branch-rate="1" complexity="1">
              <lines />
            </method>
            <method name="CallTo" signature="(...)" line-rate="1" branch-rate="1" complexity="1">
              <lines />
            </method>
            <method name="CallTo&lt;T&gt;" signature="(...)" line-rate="1" branch-rate="1" complexity="1">
              <lines />
            </method>
            <method name="CallToSet&lt;TValue&gt;" signature="(...)" line-rate="1" branch-rate="1" complexity="1">
              <lines />
            </method>
            <method name="CallTo" signature="(...)" line-rate="1" branch-rate="1" complexity="1">
              <lines />
            </method>
            <method name="Captured&lt;TArgument&gt;" signature="()" line-rate="1" branch-rate="1" complexity="1">
              <lines />
            </method>
          </methods>
          <lines />
        </class>
        <class name="FakeItEasy.A.&lt;&gt;c__10&lt;T&gt;" filename="D:\a\FakeItEasy\FakeItEasy\src\FakeItEasy\A.cs" line-rate="1" branch-rate="1" complexity="NaN">
          <methods />
          <lines />
        </class>
        <class name="FakeItEasy.A.&lt;&gt;c__6&lt;T&gt;" filename="D:\a\FakeItEasy\FakeItEasy\src\FakeItEasy\A.cs" line-rate="1" branch-rate="1" complexity="NaN">
          <methods />
          <lines />
        </class>
        <class name="FakeItEasy.A.&lt;&gt;c__DisplayClass5_0&lt;T&gt;" filename="D:\a\FakeItEasy\FakeItEasy\src\FakeItEasy\A.cs" line-rate="1" branch-rate="1" complexity="NaN">
          <methods />
          <lines />
        </class>
        <class name="FakeItEasy.A.&lt;&gt;c__DisplayClass7_0&lt;T&gt;" filename="D:\a\FakeItEasy\FakeItEasy\src\FakeItEasy\A.cs" line-rate="1" branch-rate="1" complexity="NaN">
          <methods />
          <lines />
        </class>
        <class name="FakeItEasy.A.&lt;&gt;c__DisplayClass8_0&lt;T&gt;" filename="D:\a\FakeItEasy\FakeItEasy\src\FakeItEasy\A.cs" line-rate="1" branch-rate="1" complexity="NaN">
          <methods />
          <lines />
        </class>
        <class name="FakeItEasy.A.&lt;&gt;c__DisplayClass8_1&lt;T&gt;" filename="D:\a\FakeItEasy\FakeItEasy\src\FakeItEasy\A.cs" line-rate="1" branch-rate="1" complexity="NaN">
          <methods />
          <lines />
        </class>
        <class name="FakeItEasy.A.&lt;&gt;c&lt;T&gt;" filename="D:\a\FakeItEasy\FakeItEasy\src\FakeItEasy\A.of.T.cs" line-rate="1" branch-rate="1" complexity="NaN">
          <methods />
          <lines />
        </class>
        <class name="FakeItEasy.A&lt;T&gt;" filename="D:\a\FakeItEasy\FakeItEasy\src\FakeItEasy\A.of.T.cs" line-rate="1" branch-rate="1" complexity="6">
          <methods>
            <method name="get_That" signature="()" line-rate="1" branch-rate="1" complexity="1">
              <lines />
            </method>
            <method name="get__" signature="()" line-rate="1" branch-rate="1" complexity="1">
              <lines />
            </method>
            <method name="get_Ignored" signature="()" line-rate="1" branch-rate="1" complexity="4">
              <lines />
            </method>
          </methods>
          <lines />
        </class>
        <class name="FakeItEasy.An.&lt;&gt;c&lt;T&gt;" filename="D:\a\FakeItEasy\FakeItEasy\src\FakeItEasy\An.of.T.cs" line-rate="1" branch-rate="1" complexity="NaN">
          <methods />
          <lines />
        </class>
        <class name="FakeItEasy.An&lt;T&gt;" filename="D:\a\FakeItEasy\FakeItEasy\src\FakeItEasy\An.of.T.cs" line-rate="1" branch-rate="1" complexity="6">
          <methods>
            <method name="get_That" signature="()" line-rate="1" branch-rate="1" complexity="1">
              <lines />
            </method>
            <method name="get__" signature="()" line-rate="1" branch-rate="1" complexity="1">
              <lines />
            </method>
            <method name="get_Ignored" signature="()" line-rate="1" branch-rate="1" complexity="4">
              <lines />
            </method>
          </methods>
          <lines />
        </class>
        <class name="FakeItEasy.ArgumentConstraintManagerExtensions" filename="D:\a\FakeItEasy\FakeItEasy\src\FakeItEasy\ArgumentConstraintManagerExtensions.cs" line-rate="1" branch-rate="1" complexity="43">
          <methods>
            <method name="IsNull&lt;T&gt;" signature="(...)" line-rate="1" branch-rate="1" complexity="1">
              <lines />
            </method>
            <method name="IsNull&lt;T&gt;" signature="(...)" line-rate="1" branch-rate="1" complexity="2">
              <lines />
            </method>
            <method name="IsNotNull&lt;T&gt;" signature="(...)" line-rate="1" branch-rate="1" complexity="4">
              <lines />
            </method>
            <method name="IsNotNull&lt;T&gt;" signature="(...)" line-rate="1" branch-rate="1" complexity="4">
              <lines />
            </method>
            <method name="Contains" signature="(...)" line-rate="1" branch-rate="1" complexity="1">
              <lines />
            </method>
            <method name="Contains" signature="(...)" line-rate="1" branch-rate="1" complexity="1">
              <lines />
            </method>
            <method name="Contains&lt;T&gt;" signature="(...)" line-rate="1" branch-rate="1" complexity="1">
              <lines />
            </method>
            <method name="StartsWith" signature="(...)" line-rate="1" branch-rate="1" complexity="1">
              <lines />
            </method>
            <method name="StartsWith" signature="(...)" line-rate="1" branch-rate="1" complexity="1">
              <lines />
            </method>
            <method name="EndsWith" signature="(...)" line-rate="1" branch-rate="1" complexity="1">
              <lines />
            </method>
            <method name="EndsWith" signature="(...)" line-rate="1" branch-rate="1" complexity="1">
              <lines />
            </method>
            <method name="IsNullOrEmpty" signature="(...)" line-rate="1" branch-rate="1" complexity="2">
              <lines />
            </method>
            <method name="IsGreaterThan&lt;T&gt;" signature="(...)" line-rate="1" branch-rate="1" complexity="1">
              <lines />
            </method>
            <method name="IsSameSequenceAs&lt;T&gt;" signature="(...)" line-rate="1" branch-rate="1" complexity="1">
              <lines />
            </method>
            <method name="IsSameSequenceAs&lt;T&gt;" signature="(...)" line-rate="1" branch-rate="1" complexity="1">
              <lines />
            </method>
            <method name="IsEmpty&lt;T&gt;" signature="(...)" line-rate="1" branch-rate="1" complexity="4">
              <lines />
            </method>
            <method name="IsEqualTo&lt;T&gt;" signature="(...)" line-rate="1" branch-rate="1" complexity="1">
              <lines />
            </method>
            <method name="IsEqualTo&lt;T&gt;" signature="(...)" line-rate="1" branch-rate="1" complexity="1">
              <lines />
            </method>
            <method name="IsSameAs&lt;T&gt;" signature="(...)" line-rate="1" branch-rate="1" complexity="1">
              <lines />
            </method>
            <method name="IsInstanceOf&lt;T&gt;" signature="(...)" line-rate="1" branch-rate="1" complexity="1">
              <lines />
            </method>
            <method name="Matches&lt;T&gt;" signature="(...)" line-rate="1" branch-rate="1" complexity="1">
              <lines />
            </method>
            <method name="Matches&lt;T&gt;" signature="(...)" line-rate="1" branch-rate="1" complexity="1">
              <lines />
            </method>
            <method name="Matches&lt;T&gt;" signature="(...)" line-rate="1" branch-rate="1" complexity="1">
              <lines />
            </method>
            <method name="NullCheckedMatches&lt;T&gt;" signature="(...)" line-rate="1" branch-rate="1" complexity="1">
              <lines />
            </method>
            <method name="IsCanceled" signature="(...)" line-rate="1" branch-rate="1" complexity="4">
              <lines />
            </method>
            <method name="IsNotCanceled" signature="(...)" line-rate="1" branch-rate="1" complexity="4">
              <lines />
            </method>
          </methods>
          <lines />
        </class>
        <class name="FakeItEasy.ArgumentConstraintManagerExtensions.&lt;&gt;c__1&lt;T&gt;" filename="D:\a\FakeItEasy\FakeItEasy\src\FakeItEasy\ArgumentConstraintManagerExtensions.cs" line-rate="1" branch-rate="1" complexity="NaN">
          <methods />
          <lines />
        </class>
        <class name="FakeItEasy.ArgumentConstraintManagerExtensions.&lt;&gt;c__15&lt;T&gt;" filename="D:\a\FakeItEasy\FakeItEasy\src\FakeItEasy\ArgumentConstraintManagerExtensions.cs" line-rate="1" branch-rate="1" complexity="NaN">
          <methods />
          <lines />
        </class>
        <class name="FakeItEasy.ArgumentConstraintManagerExtensions.&lt;&gt;c__2&lt;T&gt;" filename="D:\a\FakeItEasy\FakeItEasy\src\FakeItEasy\ArgumentConstraintManagerExtensions.cs" line-rate="1" branch-rate="1" complexity="NaN">
          <methods />
          <lines />
        </class>
        <class name="FakeItEasy.ArgumentConstraintManagerExtensions.&lt;&gt;c__3&lt;T&gt;" filename="D:\a\FakeItEasy\FakeItEasy\src\FakeItEasy\ArgumentConstraintManagerExtensions.cs" line-rate="1" branch-rate="1" complexity="NaN">
          <methods />
          <lines />
        </class>
        <class name="FakeItEasy.ArgumentConstraintManagerExtensions.&lt;&gt;c__DisplayClass12_0&lt;T&gt;" filename="D:\a\FakeItEasy\FakeItEasy\src\FakeItEasy\ArgumentConstraintManagerExtensions.cs" line-rate="1" branch-rate="1" complexity="NaN">
          <methods />
          <lines />
        </class>
        <class name="FakeItEasy.ArgumentConstraintManagerExtensions.&lt;&gt;c__DisplayClass13_0&lt;T&gt;" filename="D:\a\FakeItEasy\FakeItEasy\src\FakeItEasy\ArgumentConstraintManagerExtensions.cs" line-rate="1" branch-rate="1" complexity="NaN">
          <methods />
          <lines />
        </class>
        <class name="FakeItEasy.ArgumentConstraintManagerExtensions.&lt;&gt;c__DisplayClass16_0&lt;T&gt;" filename="D:\a\FakeItEasy\FakeItEasy\src\FakeItEasy\ArgumentConstraintManagerExtensions.cs" line-rate="1" branch-rate="1" complexity="NaN">
          <methods />
          <lines />
        </class>
        <class name="FakeItEasy.ArgumentConstraintManagerExtensions.&lt;&gt;c__DisplayClass17_0&lt;T&gt;" filename="D:\a\FakeItEasy\FakeItEasy\src\FakeItEasy\ArgumentConstraintManagerExtensions.cs" line-rate="1" branch-rate="1" complexity="NaN">
          <methods />
          <lines />
        </class>
        <class name="FakeItEasy.ArgumentConstraintManagerExtensions.&lt;&gt;c__DisplayClass18_0&lt;T&gt;" filename="D:\a\FakeItEasy\FakeItEasy\src\FakeItEasy\ArgumentConstraintManagerExtensions.cs" line-rate="1" branch-rate="1" complexity="NaN">
          <methods />
          <lines />
        </class>
        <class name="FakeItEasy.ArgumentConstraintManagerExtensions.&lt;&gt;c__DisplayClass19_0&lt;T&gt;" filename="D:\a\FakeItEasy\FakeItEasy\src\FakeItEasy\ArgumentConstraintManagerExtensions.cs" line-rate="1" branch-rate="1" complexity="NaN">
          <methods />
          <lines />
        </class>
        <class name="FakeItEasy.ArgumentConstraintManagerExtensions.&lt;&gt;c__DisplayClass20_0&lt;T&gt;" filename="D:\a\FakeItEasy\FakeItEasy\src\FakeItEasy\ArgumentConstraintManagerExtensions.cs" line-rate="1" branch-rate="1" complexity="NaN">
          <methods />
          <lines />
        </class>
        <class name="FakeItEasy.ArgumentConstraintManagerExtensions.&lt;&gt;c__DisplayClass21_0&lt;T&gt;" filename="D:\a\FakeItEasy\FakeItEasy\src\FakeItEasy\ArgumentConstraintManagerExtensions.cs" line-rate="1" branch-rate="1" complexity="NaN">
          <methods />
          <lines />
        </class>
        <class name="FakeItEasy.ArgumentConstraintManagerExtensions.&lt;&gt;c__DisplayClass23_0&lt;T&gt;" filename="D:\a\FakeItEasy\FakeItEasy\src\FakeItEasy\ArgumentConstraintManagerExtensions.cs" line-rate="1" branch-rate="1" complexity="NaN">
          <methods />
          <lines />
        </class>
        <class name="FakeItEasy.ArgumentConstraintManagerExtensions.&lt;&gt;c__DisplayClass6_0&lt;T&gt;" filename="D:\a\FakeItEasy\FakeItEasy\src\FakeItEasy\ArgumentConstraintManagerExtensions.cs" line-rate="1" branch-rate="1" complexity="NaN">
          <methods />
          <lines />
        </class>
        <class name="FakeItEasy.ArgumentEqualityComparer&lt;T&gt;" filename="D:\a\FakeItEasy\FakeItEasy\src\FakeItEasy\ArgumentEqualityComparer.cs" line-rate="1" branch-rate="1" complexity="4">
          <methods>
            <method name="get_Priority" signature="()" line-rate="1" branch-rate="1" complexity="1">
              <lines />
            </method>
            <method name="CanCompare" signature="(...)" line-rate="1" branch-rate="1" complexity="1">
              <lines />
            </method>
            <method name="AreEqual" signature="(...)" line-rate="1" branch-rate="1" complexity="2">
              <lines />
            </method>
          </methods>
          <lines />
        </class>
        <class name="FakeItEasy.ArgumentValidationConfigurationExtensions" filename="D:\a\FakeItEasy\FakeItEasy\src\FakeItEasy\ArgumentValidationConfigurationExtensions.cs" line-rate="1" branch-rate="1" complexity="2">
          <methods>
            <method name="WithAnyArguments&lt;TInterface&gt;" signature="(...)" line-rate="1" branch-rate="1" complexity="2">
              <lines />
            </method>
          </methods>
          <lines />
        </class>
        <class name="FakeItEasy.ArgumentValidationConfigurationExtensions" filename="D:\a\FakeItEasy\FakeItEasy\src\FakeItEasy\Generated\CodeGen\CodeGen.ArgumentValidationConfigurationExtensionsGenerator\ArgumentValidationConfigurationExtensions.g.cs" line-rate="1" branch-rate="1" complexity="8">
          <methods>
            <method name="WhenArgumentsMatch&lt;TInterface, T1&gt;" signature="(...)" line-rate="1" branch-rate="1" complexity="1">
              <lines />
            </method>
            <method name="WhenArgumentsMatch&lt;TInterface, T1, T2&gt;" signature="(...)" line-rate="1" branch-rate="1" complexity="1">
              <lines />
            </method>
            <method name="WhenArgumentsMatch&lt;TInterface, T1, T2, T3&gt;" signature="(...)" line-rate="1" branch-rate="1" complexity="1">
              <lines />
            </method>
            <method name="WhenArgumentsMatch&lt;TInterface, T1, T2, T3, T4&gt;" signature="(...)" line-rate="1" branch-rate="1" complexity="1">
              <lines />
            </method>
            <method name="WhenArgumentsMatch&lt;TInterface, T1, T2, T3, T4, T5&gt;" signature="(...)" line-rate="1" branch-rate="1" complexity="1">
              <lines />
            </method>
            <method name="WhenArgumentsMatch&lt;TInterface, T1, T2, T3, T4, T5, T6&gt;" signature="(...)" line-rate="1" branch-rate="1" complexity="1">
              <lines />
            </method>
            <method name="WhenArgumentsMatch&lt;TInterface, T1, T2, T3, T4, T5, T6, T7&gt;" signature="(...)" line-rate="1" branch-rate="1" complexity="1">
              <lines />
            </method>
            <method name="WhenArgumentsMatch&lt;TInterface, T1, T2, T3, T4, T5, T6, T7, T8&gt;" signature="(...)" line-rate="1" branch-rate="1" complexity="1">
              <lines />
            </method>
          </methods>
          <lines />
        </class>
        <class name="FakeItEasy.ArgumentValidationConfigurationExtensions.&lt;&gt;c__1&lt;TInterface&gt;" filename="D:\a\FakeItEasy\FakeItEasy\src\FakeItEasy\ArgumentValidationConfigurationExtensions.cs" line-rate="1" branch-rate="1" complexity="NaN">
          <methods />
          <lines />
        </class>
        <class name="FakeItEasy.ArgumentValidationConfigurationExtensions.&lt;&gt;c__DisplayClass2_0&lt;TInterface, T1&gt;" filename="D:\a\FakeItEasy\FakeItEasy\src\FakeItEasy\Generated\CodeGen\CodeGen.ArgumentValidationConfigurationExtensionsGenerator\ArgumentValidationConfigurationExtensions.g.cs" line-rate="1" branch-rate="1" complexity="NaN">
          <methods />
          <lines />
        </class>
        <class name="FakeItEasy.ArgumentValidationConfigurationExtensions.&lt;&gt;c__DisplayClass3_0&lt;TInterface, T1, T2&gt;" filename="D:\a\FakeItEasy\FakeItEasy\src\FakeItEasy\Generated\CodeGen\CodeGen.ArgumentValidationConfigurationExtensionsGenerator\ArgumentValidationConfigurationExtensions.g.cs" line-rate="1" branch-rate="1" complexity="NaN">
          <methods />
          <lines />
        </class>
        <class name="FakeItEasy.ArgumentValidationConfigurationExtensions.&lt;&gt;c__DisplayClass4_0&lt;TInterface, T1, T2, T3&gt;" filename="D:\a\FakeItEasy\FakeItEasy\src\FakeItEasy\Generated\CodeGen\CodeGen.ArgumentValidationConfigurationExtensionsGenerator\ArgumentValidationConfigurationExtensions.g.cs" line-rate="1" branch-rate="1" complexity="NaN">
          <methods />
          <lines />
        </class>
        <class name="FakeItEasy.ArgumentValidationConfigurationExtensions.&lt;&gt;c__DisplayClass5_0&lt;TInterface, T1, T2, T3, T4&gt;" filename="D:\a\FakeItEasy\FakeItEasy\src\FakeItEasy\Generated\CodeGen\CodeGen.ArgumentValidationConfigurationExtensionsGenerator\ArgumentValidationConfigurationExtensions.g.cs" line-rate="1" branch-rate="1" complexity="NaN">
          <methods />
          <lines />
        </class>
        <class name="FakeItEasy.ArgumentValidationConfigurationExtensions.&lt;&gt;c__DisplayClass6_0&lt;TInterface, T1, T2, T3, T4, T5&gt;" filename="D:\a\FakeItEasy\FakeItEasy\src\FakeItEasy\Generated\CodeGen\CodeGen.ArgumentValidationConfigurationExtensionsGenerator\ArgumentValidationConfigurationExtensions.g.cs" line-rate="1" branch-rate="1" complexity="NaN">
          <methods />
          <lines />
        </class>
        <class name="FakeItEasy.ArgumentValidationConfigurationExtensions.&lt;&gt;c__DisplayClass7_0&lt;TInterface, T1, T2, T3, T4, T5, T6&gt;" filename="D:\a\FakeItEasy\FakeItEasy\src\FakeItEasy\Generated\CodeGen\CodeGen.ArgumentValidationConfigurationExtensionsGenerator\ArgumentValidationConfigurationExtensions.g.cs" line-rate="1" branch-rate="1" complexity="NaN">
          <methods />
          <lines />
        </class>
        <class name="FakeItEasy.ArgumentValidationConfigurationExtensions.&lt;&gt;c__DisplayClass8_0&lt;TInterface, T1, T2, T3, T4, T5, T6, T7&gt;" filename="D:\a\FakeItEasy\FakeItEasy\src\FakeItEasy\Generated\CodeGen\CodeGen.ArgumentValidationConfigurationExtensionsGenerator\ArgumentValidationConfigurationExtensions.g.cs" line-rate="1" branch-rate="1" complexity="NaN">
          <methods />
          <lines />
        </class>
        <class name="FakeItEasy.ArgumentValidationConfigurationExtensions.&lt;&gt;c__DisplayClass9_0&lt;TInterface, T1, T2, T3, T4, T5, T6, T7, T8&gt;" filename="D:\a\FakeItEasy\FakeItEasy\src\FakeItEasy\Generated\CodeGen\CodeGen.ArgumentValidationConfigurationExtensionsGenerator\ArgumentValidationConfigurationExtensions.g.cs" line-rate="1" branch-rate="1" complexity="NaN">
          <methods />
          <lines />
        </class>
        <class name="FakeItEasy.ArgumentValueFormatter&lt;T&gt;" filename="D:\a\FakeItEasy\FakeItEasy\src\FakeItEasy\ArgumentValueFormatter.cs" line-rate="1" branch-rate="1" complexity="3">
          <methods>
            <method name="get_ForType" signature="()" line-rate="1" branch-rate="1" complexity="1">
              <lines />
            </method>
            <method name="get_Priority" signature="()" line-rate="1" branch-rate="1" complexity="1">
              <lines />
            </method>
            <method name="GetArgumentValueAsString" signature="(...)" line-rate="1" branch-rate="1" complexity="1">
              <lines />
            </method>
          </methods>
          <lines />
        </class>
        <class name="FakeItEasy.AssertConfigurationExtensions" filename="D:\a\FakeItEasy\FakeItEasy\src\FakeItEasy\AssertConfigurationExtensions.cs" line-rate="1" branch-rate="1" complexity="8">
          <methods>
            <method name="MustHaveHappened" signature="(...)" line-rate="1" branch-rate="1" complexity="1">
              <lines />
            </method>
            <method name="MustNotHaveHappened" signature="(...)" line-rate="1" branch-rate="1" complexity="1">
              <lines />
            </method>
            <method name="MustHaveHappenedOnceExactly" signature="(...)" line-rate="1" branch-rate="1" complexity="1">
              <lines />
            </method>
            <method name="MustHaveHappenedOnceOrMore" signature="(...)" line-rate="1" branch-rate="1" complexity="1">
              <lines />
            </method>
            <method name="MustHaveHappenedOnceOrLess" signature="(...)" line-rate="1" branch-rate="1" complexity="1">
              <lines />
            </method>
            <method name="MustHaveHappenedTwiceExactly" signature="(...)" line-rate="1" branch-rate="1" complexity="1">
              <lines />
            </method>
            <method name="MustHaveHappenedTwiceOrMore" signature="(...)" line-rate="1" branch-rate="1" complexity="1">
              <lines />
            </method>
            <method name="MustHaveHappenedTwiceOrLess" signature="(...)" line-rate="1" branch-rate="1" complexity="1">
              <lines />
            </method>
          </methods>
          <lines />
        </class>
        <class name="FakeItEasy.AsyncReturnValueConfigurationExtensions" filename="D:\a\FakeItEasy\FakeItEasy\src\FakeItEasy\AsyncReturnValueConfigurationExtensions.cs" line-rate="1" branch-rate="1" complexity="6">
          <methods>
            <method name="ThrowsAsync" signature="(...)" line-rate="1" branch-rate="1" complexity="1">
              <lines />
            </method>
            <method name="ThrowsAsync" signature="(...)" line-rate="1" branch-rate="1" complexity="1">
              <lines />
            </method>
            <method name="ThrowsAsync" signature="(...)" line-rate="1" branch-rate="1" complexity="1">
              <lines />
            </method>
            <method name="ThrowsAsync&lt;T&gt;" signature="(...)" line-rate="1" branch-rate="1" complexity="1">
              <lines />
            </method>
            <method name="ThrowsAsync&lt;T&gt;" signature="(...)" line-rate="1" branch-rate="1" complexity="1">
              <lines />
            </method>
            <method name="ThrowsAsync&lt;T&gt;" signature="(...)" line-rate="1" branch-rate="1" complexity="1">
              <lines />
            </method>
          </methods>
          <lines />
        </class>
        <class name="FakeItEasy.AsyncReturnValueConfigurationExtensions" filename="D:\a\FakeItEasy\FakeItEasy\src\FakeItEasy\Generated\CodeGen\CodeGen.AsyncReturnValueConfigurationExtensionsGenerator\AsyncReturnValueConfigurationExtensions.g.cs" line-rate="1" branch-rate="1" complexity="16">
          <methods>
            <method name="ThrowsAsync&lt;T1&gt;" signature="(...)" line-rate="1" branch-rate="1" complexity="1">
              <lines />
            </method>
            <method name="ThrowsAsync&lt;T, T1&gt;" signature="(...)" line-rate="1" branch-rate="1" complexity="1">
              <lines />
            </method>
            <method name="ThrowsAsync&lt;T1, T2&gt;" signature="(...)" line-rate="1" branch-rate="1" complexity="1">
              <lines />
            </method>
            <method name="ThrowsAsync&lt;T, T1, T2&gt;" signature="(...)" line-rate="1" branch-rate="1" complexity="1">
              <lines />
            </method>
            <method name="ThrowsAsync&lt;T1, T2, T3&gt;" signature="(...)" line-rate="1" branch-rate="1" complexity="1">
              <lines />
            </method>
            <method name="ThrowsAsync&lt;T, T1, T2, T3&gt;" signature="(...)" line-rate="1" branch-rate="1" complexity="1">
              <lines />
            </method>
            <method name="ThrowsAsync&lt;T1, T2, T3, T4&gt;" signature="(...)" line-rate="1" branch-rate="1" complexity="1">
              <lines />
            </method>
            <method name="ThrowsAsync&lt;T, T1, T2, T3, T4&gt;" signature="(...)" line-rate="1" branch-rate="1" complexity="1">
              <lines />
            </method>
            <method name="ThrowsAsync&lt;T1, T2, T3, T4, T5&gt;" signature="(...)" line-rate="1" branch-rate="1" complexity="1">
              <lines />
            </method>
            <method name="ThrowsAsync&lt;T, T1, T2, T3, T4, T5&gt;" signature="(...)" line-rate="1" branch-rate="1" complexity="1">
              <lines />
            </method>
            <method name="ThrowsAsync&lt;T1, T2, T3, T4, T5, T6&gt;" signature="(...)" line-rate="1" branch-rate="1" complexity="1">
              <lines />
            </method>
            <method name="ThrowsAsync&lt;T, T1, T2, T3, T4, T5, T6&gt;" signature="(...)" line-rate="1" branch-rate="1" complexity="1">
              <lines />
            </method>
            <method name="ThrowsAsync&lt;T1, T2, T3, T4, T5, T6, T7&gt;" signature="(...)" line-rate="1" branch-rate="1" complexity="1">
              <lines />
            </method>
            <method name="ThrowsAsync&lt;T, T1, T2, T3, T4, T5, T6, T7&gt;" signature="(...)" line-rate="1" branch-rate="1" complexity="1">
              <lines />
            </method>
            <method name="ThrowsAsync&lt;T1, T2, T3, T4, T5, T6, T7, T8&gt;" signature="(...)" line-rate="1" branch-rate="1" complexity="1">
              <lines />
            </method>
            <method name="ThrowsAsync&lt;T, T1, T2, T3, T4, T5, T6, T7, T8&gt;" signature="(...)" line-rate="1" branch-rate="1" complexity="1">
              <lines />
            </method>
          </methods>
          <lines />
        </class>
        <class name="FakeItEasy.AsyncReturnValueConfigurationExtensions.&lt;&gt;c__DisplayClass10_0&lt;T1, T2, T3&gt;" filename="D:\a\FakeItEasy\FakeItEasy\src\FakeItEasy\Generated\CodeGen\CodeGen.AsyncReturnValueConfigurationExtensionsGenerator\AsyncReturnValueConfigurationExtensions.g.cs" line-rate="1" branch-rate="1" complexity="NaN">
          <methods />
          <lines />
        </class>
        <class name="FakeItEasy.AsyncReturnValueConfigurationExtensions.&lt;&gt;c__DisplayClass11_0&lt;T, T1, T2, T3&gt;" filename="D:\a\FakeItEasy\FakeItEasy\src\FakeItEasy\Generated\CodeGen\CodeGen.AsyncReturnValueConfigurationExtensionsGenerator\AsyncReturnValueConfigurationExtensions.g.cs" line-rate="1" branch-rate="1" complexity="NaN">
          <methods />
          <lines />
        </class>
        <class name="FakeItEasy.AsyncReturnValueConfigurationExtensions.&lt;&gt;c__DisplayClass12_0&lt;T1, T2, T3, T4&gt;" filename="D:\a\FakeItEasy\FakeItEasy\src\FakeItEasy\Generated\CodeGen\CodeGen.AsyncReturnValueConfigurationExtensionsGenerator\AsyncReturnValueConfigurationExtensions.g.cs" line-rate="1" branch-rate="1" complexity="NaN">
          <methods />
          <lines />
        </class>
        <class name="FakeItEasy.AsyncReturnValueConfigurationExtensions.&lt;&gt;c__DisplayClass13_0&lt;T, T1, T2, T3, T4&gt;" filename="D:\a\FakeItEasy\FakeItEasy\src\FakeItEasy\Generated\CodeGen\CodeGen.AsyncReturnValueConfigurationExtensionsGenerator\AsyncReturnValueConfigurationExtensions.g.cs" line-rate="1" branch-rate="1" complexity="NaN">
          <methods />
          <lines />
        </class>
        <class name="FakeItEasy.AsyncReturnValueConfigurationExtensions.&lt;&gt;c__DisplayClass14_0&lt;T1, T2, T3, T4, T5&gt;" filename="D:\a\FakeItEasy\FakeItEasy\src\FakeItEasy\Generated\CodeGen\CodeGen.AsyncReturnValueConfigurationExtensionsGenerator\AsyncReturnValueConfigurationExtensions.g.cs" line-rate="1" branch-rate="1" complexity="NaN">
          <methods />
          <lines />
        </class>
        <class name="FakeItEasy.AsyncReturnValueConfigurationExtensions.&lt;&gt;c__DisplayClass15_0&lt;T, T1, T2, T3, T4, T5&gt;" filename="D:\a\FakeItEasy\FakeItEasy\src\FakeItEasy\Generated\CodeGen\CodeGen.AsyncReturnValueConfigurationExtensionsGenerator\AsyncReturnValueConfigurationExtensions.g.cs" line-rate="1" branch-rate="1" complexity="NaN">
          <methods />
          <lines />
        </class>
        <class name="FakeItEasy.AsyncReturnValueConfigurationExtensions.&lt;&gt;c__DisplayClass16_0&lt;T1, T2, T3, T4, T5, T6&gt;" filename="D:\a\FakeItEasy\FakeItEasy\src\FakeItEasy\Generated\CodeGen\CodeGen.AsyncReturnValueConfigurationExtensionsGenerator\AsyncReturnValueConfigurationExtensions.g.cs" line-rate="1" branch-rate="1" complexity="NaN">
          <methods />
          <lines />
        </class>
        <class name="FakeItEasy.AsyncReturnValueConfigurationExtensions.&lt;&gt;c__DisplayClass17_0&lt;T, T1, T2, T3, T4, T5, T6&gt;" filename="D:\a\FakeItEasy\FakeItEasy\src\FakeItEasy\Generated\CodeGen\CodeGen.AsyncReturnValueConfigurationExtensionsGenerator\AsyncReturnValueConfigurationExtensions.g.cs" line-rate="1" branch-rate="1" complexity="NaN">
          <methods />
          <lines />
        </class>
        <class name="FakeItEasy.AsyncReturnValueConfigurationExtensions.&lt;&gt;c__DisplayClass18_0&lt;T1, T2, T3, T4, T5, T6, T7&gt;" filename="D:\a\FakeItEasy\FakeItEasy\src\FakeItEasy\Generated\CodeGen\CodeGen.AsyncReturnValueConfigurationExtensionsGenerator\AsyncReturnValueConfigurationExtensions.g.cs" line-rate="1" branch-rate="1" complexity="NaN">
          <methods />
          <lines />
        </class>
        <class name="FakeItEasy.AsyncReturnValueConfigurationExtensions.&lt;&gt;c__DisplayClass19_0&lt;T, T1, T2, T3, T4, T5, T6, T7&gt;" filename="D:\a\FakeItEasy\FakeItEasy\src\FakeItEasy\Generated\CodeGen\CodeGen.AsyncReturnValueConfigurationExtensionsGenerator\AsyncReturnValueConfigurationExtensions.g.cs" line-rate="1" branch-rate="1" complexity="NaN">
          <methods />
          <lines />
        </class>
        <class name="FakeItEasy.AsyncReturnValueConfigurationExtensions.&lt;&gt;c__DisplayClass20_0&lt;T1, T2, T3, T4, T5, T6, T7, T8&gt;" filename="D:\a\FakeItEasy\FakeItEasy\src\FakeItEasy\Generated\CodeGen\CodeGen.AsyncReturnValueConfigurationExtensionsGenerator\AsyncReturnValueConfigurationExtensions.g.cs" line-rate="1" branch-rate="1" complexity="NaN">
          <methods />
          <lines />
        </class>
        <class name="FakeItEasy.AsyncReturnValueConfigurationExtensions.&lt;&gt;c__DisplayClass21_0&lt;T, T1, T2, T3, T4, T5, T6, T7, T8&gt;" filename="D:\a\FakeItEasy\FakeItEasy\src\FakeItEasy\Generated\CodeGen\CodeGen.AsyncReturnValueConfigurationExtensionsGenerator\AsyncReturnValueConfigurationExtensions.g.cs" line-rate="1" branch-rate="1" complexity="NaN">
          <methods />
          <lines />
        </class>
        <class name="FakeItEasy.AsyncReturnValueConfigurationExtensions.&lt;&gt;c__DisplayClass3_0&lt;T&gt;" filename="D:\a\FakeItEasy\FakeItEasy\src\FakeItEasy\AsyncReturnValueConfigurationExtensions.cs" line-rate="1" branch-rate="1" complexity="NaN">
          <methods />
          <lines />
        </class>
        <class name="FakeItEasy.AsyncReturnValueConfigurationExtensions.&lt;&gt;c__DisplayClass4_0&lt;T&gt;" filename="D:\a\FakeItEasy\FakeItEasy\src\FakeItEasy\AsyncReturnValueConfigurationExtensions.cs" line-rate="1" branch-rate="1" complexity="NaN">
          <methods />
          <lines />
        </class>
        <class name="FakeItEasy.AsyncReturnValueConfigurationExtensions.&lt;&gt;c__DisplayClass5_0&lt;T&gt;" filename="D:\a\FakeItEasy\FakeItEasy\src\FakeItEasy\AsyncReturnValueConfigurationExtensions.cs" line-rate="1" branch-rate="1" complexity="NaN">
          <methods />
          <lines />
        </class>
        <class name="FakeItEasy.AsyncReturnValueConfigurationExtensions.&lt;&gt;c__DisplayClass6_0&lt;T1&gt;" filename="D:\a\FakeItEasy\FakeItEasy\src\FakeItEasy\Generated\CodeGen\CodeGen.AsyncReturnValueConfigurationExtensionsGenerator\AsyncReturnValueConfigurationExtensions.g.cs" line-rate="1" branch-rate="1" complexity="NaN">
          <methods />
          <lines />
        </class>
        <class name="FakeItEasy.AsyncReturnValueConfigurationExtensions.&lt;&gt;c__DisplayClass7_0&lt;T, T1&gt;" filename="D:\a\FakeItEasy\FakeItEasy\src\FakeItEasy\Generated\CodeGen\CodeGen.AsyncReturnValueConfigurationExtensionsGenerator\AsyncReturnValueConfigurationExtensions.g.cs" line-rate="1" branch-rate="1" complexity="NaN">
          <methods />
          <lines />
        </class>
        <class name="FakeItEasy.AsyncReturnValueConfigurationExtensions.&lt;&gt;c__DisplayClass8_0&lt;T1, T2&gt;" filename="D:\a\FakeItEasy\FakeItEasy\src\FakeItEasy\Generated\CodeGen\CodeGen.AsyncReturnValueConfigurationExtensionsGenerator\AsyncReturnValueConfigurationExtensions.g.cs" line-rate="1" branch-rate="1" complexity="NaN">
          <methods />
          <lines />
        </class>
        <class name="FakeItEasy.AsyncReturnValueConfigurationExtensions.&lt;&gt;c__DisplayClass9_0&lt;T, T1, T2&gt;" filename="D:\a\FakeItEasy\FakeItEasy\src\FakeItEasy\Generated\CodeGen\CodeGen.AsyncReturnValueConfigurationExtensionsGenerator\AsyncReturnValueConfigurationExtensions.g.cs" line-rate="1" branch-rate="1" complexity="NaN">
          <methods />
          <lines />
        </class>
        <class name="FakeItEasy.BehaviorLifetimeConfigurationExtensions" filename="D:\a\FakeItEasy\FakeItEasy\src\FakeItEasy\BehaviorLifetimeConfigurationExtensions.cs" line-rate="1" branch-rate="1" complexity="2">
          <methods>
            <method name="Once&lt;TInterface&gt;" signature="(...)" line-rate="1" branch-rate="1" complexity="1">
              <lines />
            </method>
            <method name="Twice&lt;TInterface&gt;" signature="(...)" line-rate="1" branch-rate="1" complexity="1">
              <lines />
            </method>
          </methods>
          <lines />
        </class>
        <class name="FakeItEasy.CallbackConfigurationExtensions" filename="D:\a\FakeItEasy\FakeItEasy\src\FakeItEasy\CallbackConfigurationExtensions.cs" line-rate="1" branch-rate="1" complexity="1">
          <methods>
            <method name="Invokes&lt;TInterface&gt;" signature="(...)" line-rate="1" branch-rate="1" complexity="1">
              <lines />
            </method>
          </methods>
          <lines />
        </class>
        <class name="FakeItEasy.CallbackConfigurationExtensions" filename="D:\a\FakeItEasy\FakeItEasy\src\FakeItEasy\Generated\CodeGen\CodeGen.CallbackConfigurationExtensionsGenerator\CallbackConfigurationExtensions.g.cs" line-rate="1" branch-rate="1" complexity="8">
          <methods>
            <method name="Invokes&lt;TInterface, T1&gt;" signature="(...)" line-rate="1" branch-rate="1" complexity="1">
              <lines />
            </method>
            <method name="Invokes&lt;TInterface, T1, T2&gt;" signature="(...)" line-rate="1" branch-rate="1" complexity="1">
              <lines />
            </method>
            <method name="Invokes&lt;TInterface, T1, T2, T3&gt;" signature="(...)" line-rate="1" branch-rate="1" complexity="1">
              <lines />
            </method>
            <method name="Invokes&lt;TInterface, T1, T2, T3, T4&gt;" signature="(...)" line-rate="1" branch-rate="1" complexity="1">
              <lines />
            </method>
            <method name="Invokes&lt;TInterface, T1, T2, T3, T4, T5&gt;" signature="(...)" line-rate="1" branch-rate="1" complexity="1">
              <lines />
            </method>
            <method name="Invokes&lt;TInterface, T1, T2, T3, T4, T5, T6&gt;" signature="(...)" line-rate="1" branch-rate="1" complexity="1">
              <lines />
            </method>
            <method name="Invokes&lt;TInterface, T1, T2, T3, T4, T5, T6, T7&gt;" signature="(...)" line-rate="1" branch-rate="1" complexity="1">
              <lines />
            </method>
            <method name="Invokes&lt;TInterface, T1, T2, T3, T4, T5, T6, T7, T8&gt;" signature="(...)" line-rate="1" branch-rate="1" complexity="1">
              <lines />
            </method>
          </methods>
          <lines />
        </class>
        <class name="FakeItEasy.CallbackConfigurationExtensions.&lt;&gt;c__DisplayClass1_0&lt;TInterface&gt;" filename="D:\a\FakeItEasy\FakeItEasy\src\FakeItEasy\CallbackConfigurationExtensions.cs" line-rate="1" branch-rate="1" complexity="NaN">
          <methods />
          <lines />
        </class>
        <class name="FakeItEasy.CallbackConfigurationExtensions.&lt;&gt;c__DisplayClass2_0&lt;TInterface, T1&gt;" filename="D:\a\FakeItEasy\FakeItEasy\src\FakeItEasy\Generated\CodeGen\CodeGen.CallbackConfigurationExtensionsGenerator\CallbackConfigurationExtensions.g.cs" line-rate="1" branch-rate="1" complexity="NaN">
          <methods />
          <lines />
        </class>
        <class name="FakeItEasy.CallbackConfigurationExtensions.&lt;&gt;c__DisplayClass3_0&lt;TInterface, T1, T2&gt;" filename="D:\a\FakeItEasy\FakeItEasy\src\FakeItEasy\Generated\CodeGen\CodeGen.CallbackConfigurationExtensionsGenerator\CallbackConfigurationExtensions.g.cs" line-rate="1" branch-rate="1" complexity="NaN">
          <methods />
          <lines />
        </class>
        <class name="FakeItEasy.CallbackConfigurationExtensions.&lt;&gt;c__DisplayClass4_0&lt;TInterface, T1, T2, T3&gt;" filename="D:\a\FakeItEasy\FakeItEasy\src\FakeItEasy\Generated\CodeGen\CodeGen.CallbackConfigurationExtensionsGenerator\CallbackConfigurationExtensions.g.cs" line-rate="1" branch-rate="1" complexity="NaN">
          <methods />
          <lines />
        </class>
        <class name="FakeItEasy.CallbackConfigurationExtensions.&lt;&gt;c__DisplayClass5_0&lt;TInterface, T1, T2, T3, T4&gt;" filename="D:\a\FakeItEasy\FakeItEasy\src\FakeItEasy\Generated\CodeGen\CodeGen.CallbackConfigurationExtensionsGenerator\CallbackConfigurationExtensions.g.cs" line-rate="1" branch-rate="1" complexity="NaN">
          <methods />
          <lines />
        </class>
        <class name="FakeItEasy.CallbackConfigurationExtensions.&lt;&gt;c__DisplayClass6_0&lt;TInterface, T1, T2, T3, T4, T5&gt;" filename="D:\a\FakeItEasy\FakeItEasy\src\FakeItEasy\Generated\CodeGen\CodeGen.CallbackConfigurationExtensionsGenerator\CallbackConfigurationExtensions.g.cs" line-rate="1" branch-rate="1" complexity="NaN">
          <methods />
          <lines />
        </class>
        <class name="FakeItEasy.CallbackConfigurationExtensions.&lt;&gt;c__DisplayClass7_0&lt;TInterface, T1, T2, T3, T4, T5, T6&gt;" filename="D:\a\FakeItEasy\FakeItEasy\src\FakeItEasy\Generated\CodeGen\CodeGen.CallbackConfigurationExtensionsGenerator\CallbackConfigurationExtensions.g.cs" line-rate="1" branch-rate="1" complexity="NaN">
          <methods />
          <lines />
        </class>
        <class name="FakeItEasy.CallbackConfigurationExtensions.&lt;&gt;c__DisplayClass8_0&lt;TInterface, T1, T2, T3, T4, T5, T6, T7&gt;" filename="D:\a\FakeItEasy\FakeItEasy\src\FakeItEasy\Generated\CodeGen\CodeGen.CallbackConfigurationExtensionsGenerator\CallbackConfigurationExtensions.g.cs" line-rate="1" branch-rate="1" complexity="NaN">
          <methods />
          <lines />
        </class>
        <class name="FakeItEasy.CallbackConfigurationExtensions.&lt;&gt;c__DisplayClass9_0&lt;TInterface, T1, T2, T3, T4, T5, T6, T7, T8&gt;" filename="D:\a\FakeItEasy\FakeItEasy\src\FakeItEasy\Generated\CodeGen\CodeGen.CallbackConfigurationExtensionsGenerator\CallbackConfigurationExtensions.g.cs" line-rate="1" branch-rate="1" complexity="NaN">
          <methods />
          <lines />
        </class>
        <class name="FakeItEasy.Captured.&lt;&gt;c&lt;TArgument, TCapture&gt;" filename="D:\a\FakeItEasy\FakeItEasy\src\FakeItEasy\Captured.of.TArgument.TCapture.cs" line-rate="1" branch-rate="1" complexity="NaN">
          <methods />
          <lines />
        </class>
        <class name="FakeItEasy.Captured.&lt;&gt;c&lt;TArgument&gt;" filename="D:\a\FakeItEasy\FakeItEasy\src\FakeItEasy\Captured.of.TArgument.cs" line-rate="1" branch-rate="1" complexity="NaN">
          <methods />
          <lines />
        </class>
        <class name="FakeItEasy.Captured&lt;TArgument, TCapture&gt;" filename="D:\a\FakeItEasy\FakeItEasy\src\FakeItEasy\Captured.of.TArgument.TCapture.cs" line-rate="1" branch-rate="1" complexity="11">
          <methods>
            <method name=".ctor" signature="(...)" line-rate="1" branch-rate="1" complexity="1">
              <lines />
            </method>
            <method name="get_That" signature="()" line-rate="1" branch-rate="1" complexity="1">
              <lines />
            </method>
            <method name="get__" signature="()" line-rate="1" branch-rate="1" complexity="1">
              <lines />
            </method>
            <method name="get_Ignored" signature="()" line-rate="1" branch-rate="1" complexity="4">
              <lines />
            </method>
            <method name="get_Values" signature="()" line-rate="1" branch-rate="1" complexity="1">
              <lines />
            </method>
            <method name="GetLastValue" signature="()" line-rate="1" branch-rate="1" complexity="2">
              <lines />
            </method>
            <method name="Add" signature="(...)" line-rate="1" branch-rate="1" complexity="1">
              <lines />
            </method>
          </methods>
          <lines />
        </class>
        <class name="FakeItEasy.Captured&lt;TArgument&gt;" filename="D:\a\FakeItEasy\FakeItEasy\src\FakeItEasy\Captured.of.TArgument.cs" line-rate="1" branch-rate="1" complexity="3">
          <methods>
            <method name=".ctor" signature="()" line-rate="1" branch-rate="1" complexity="1">
              <lines />
            </method>
            <method name="FrozenBy&lt;TCapture&gt;" signature="(...)" line-rate="1" branch-rate="1" complexity="1">
              <lines />
            </method>
            <method name=".cctor" signature="()" line-rate="1" branch-rate="1" complexity="1">
              <lines />
            </method>
          </methods>
          <lines />
        </class>
        <class name="FakeItEasy.Compatibility.ArrayHelper" filename="D:\a\FakeItEasy\FakeItEasy\src\FakeItEasy\Compatibility\ArrayHelper.cs" line-rate="1" branch-rate="1" complexity="2">
          <methods>
            <method name="Empty&lt;T&gt;" signature="()" line-rate="1" branch-rate="1" complexity="1">
              <lines />
            </method>
            <method name=".cctor" signature="()" line-rate="1" branch-rate="1" complexity="1">
              <lines />
            </method>
          </methods>
          <lines />
        </class>
        <class name="FakeItEasy.Compatibility.ArrayHelper.EmptyArrayCache&lt;T&gt;" filename="D:\a\FakeItEasy\FakeItEasy\src\FakeItEasy\Compatibility\ArrayHelper.cs" line-rate="1" branch-rate="1" complexity="1">
          <methods>
            <method name=".cctor" signature="()" line-rate="1" branch-rate="1" complexity="1">
              <lines />
            </method>
          </methods>
          <lines />
        </class>
        <class name="FakeItEasy.CompletedFakeObjectCallExtensions" filename="D:\a\FakeItEasy\FakeItEasy\src\FakeItEasy\CompletedFakeObjectCallExtensions.cs" line-rate="1" branch-rate="1" complexity="1">
          <methods>
            <method name="Matching&lt;TFake&gt;" signature="(...)" line-rate="1" branch-rate="1" complexity="1">
              <lines />
            </method>
          </methods>
          <lines />
        </class>
        <class name="FakeItEasy.CompletedFakeObjectCallExtensions.&lt;&gt;c__DisplayClass0_0&lt;TFake&gt;" filename="D:\a\FakeItEasy\FakeItEasy\src\FakeItEasy\CompletedFakeObjectCallExtensions.cs" line-rate="1" branch-rate="1" complexity="NaN">
          <methods />
          <lines />
        </class>
        <class name="FakeItEasy.Configuration.AnyCallCallRule" filename="D:\a\FakeItEasy\FakeItEasy\src\FakeItEasy\Configuration\AnyCallCallRule.cs" line-rate="1" branch-rate="1" complexity="15">
          <methods>
            <method name=".ctor" signature="(...)" line-rate="1" branch-rate="1" complexity="2">
              <lines />
            </method>
            <method name="MakeApplicableToMembersWithReturnType" signature="(...)" line-rate="1" branch-rate="1" complexity="1">
              <lines />
            </method>
            <method name="MakeApplicableToAllNonVoidReturnTypes" signature="()" line-rate="1" branch-rate="1" complexity="1">
              <lines />
            </method>
            <method name="DescribeCallOn" signature="(...)" line-rate="1" branch-rate="1" complexity="1">
              <lines />
            </method>
            <method name="UsePredicateToValidateArguments" signature="(...)" line-rate="1" branch-rate="1" complexity="1">
              <lines />
            </method>
            <method name="OnIsApplicableTo" signature="(...)" line-rate="1" branch-rate="1" complexity="6">
              <lines />
            </method>
            <method name="CloneCallSpecificationCore" signature="()" line-rate="1" branch-rate="1" complexity="1">
              <lines />
            </method>
            <method name="AppendCall" signature="(...)" line-rate="1" branch-rate="1" complexity="1">
              <lines />
            </method>
            <method name="AppendTargetObject" signature="(...)" line-rate="1" branch-rate="1" complexity="1">
              <lines />
            </method>
          </methods>
          <lines />
        </class>
        <class name="FakeItEasy.Configuration.AnyCallConfiguration" filename="D:\a\FakeItEasy\FakeItEasy\src\FakeItEasy\Configuration\AnyCallConfiguration.cs" line-rate="1" branch-rate="1" complexity="16">
          <methods>
            <method name=".ctor" signature="(...)" line-rate="1" branch-rate="1" complexity="1">
              <lines />
            </method>
            <method name="get_VoidConfiguration" signature="()" line-rate="1" branch-rate="1" complexity="1">
              <lines />
            </method>
            <method name="WithReturnType&lt;TMember&gt;" signature="()" line-rate="1" branch-rate="1" complexity="1">
              <lines />
            </method>
            <method name="WithNonVoidReturnType" signature="()" line-rate="1" branch-rate="1" complexity="1">
              <lines />
            </method>
            <method name="WithVoidReturnType" signature="()" line-rate="1" branch-rate="1" complexity="1">
              <lines />
            </method>
            <method name="DoesNothing" signature="()" line-rate="1" branch-rate="1" complexity="1">
              <lines />
            </method>
            <method name="Throws" signature="(...)" line-rate="1" branch-rate="1" complexity="1">
              <lines />
            </method>
            <method name="Throws&lt;T&gt;" signature="()" line-rate="1" branch-rate="1" complexity="1">
              <lines />
            </method>
            <method name="Invokes" signature="(...)" line-rate="1" branch-rate="1" complexity="1">
              <lines />
            </method>
            <method name="CallsBaseMethod" signature="()" line-rate="1" branch-rate="1" complexity="1">
              <lines />
            </method>
            <method name="CallsWrappedMethod" signature="()" line-rate="1" branch-rate="1" complexity="1">
              <lines />
            </method>
            <method name="AssignsOutAndRefParametersLazily" signature="(...)" line-rate="1" branch-rate="1" complexity="1">
              <lines />
            </method>
            <method name="MustHaveHappened" signature="(...)" line-rate="1" branch-rate="1" complexity="1">
              <lines />
            </method>
            <method name="MustHaveHappenedANumberOfTimesMatching" signature="(...)" line-rate="1" branch-rate="1" complexity="1">
              <lines />
            </method>
            <method name="Where" signature="(...)" line-rate="1" branch-rate="1" complexity="1">
              <lines />
            </method>
            <method name="WhenArgumentsMatch" signature="(...)" line-rate="1" branch-rate="1" complexity="1">
              <lines />
            </method>
          </methods>
          <lines />
        </class>
        <class name="FakeItEasy.Configuration.AnyCallConfiguration" filename="D:\a\FakeItEasy\FakeItEasy\src\FakeItEasy\Generated\CodeGen\CodeGen.ExceptionThrowerGenerator\ExceptionThrower.g.cs" line-rate="1" branch-rate="1" complexity="8">
          <methods>
            <method name="Throws&lt;T1&gt;" signature="(...)" line-rate="1" branch-rate="1" complexity="1">
              <lines />
            </method>
            <method name="Throws&lt;T1, T2&gt;" signature="(...)" line-rate="1" branch-rate="1" complexity="1">
              <lines />
            </method>
            <method name="Throws&lt;T1, T2, T3&gt;" signature="(...)" line-rate="1" branch-rate="1" complexity="1">
              <lines />
            </method>
            <method name="Throws&lt;T1, T2, T3, T4&gt;" signature="(...)" line-rate="1" branch-rate="1" complexity="1">
              <lines />
            </method>
            <method name="Throws&lt;T1, T2, T3, T4, T5&gt;" signature="(...)" line-rate="1" branch-rate="1" complexity="1">
              <lines />
            </method>
            <method name="Throws&lt;T1, T2, T3, T4, T5, T6&gt;" signature="(...)" line-rate="1" branch-rate="1" complexity="1">
              <lines />
            </method>
            <method name="Throws&lt;T1, T2, T3, T4, T5, T6, T7&gt;" signature="(...)" line-rate="1" branch-rate="1" complexity="1">
              <lines />
            </method>
            <method name="Throws&lt;T1, T2, T3, T4, T5, T6, T7, T8&gt;" signature="(...)" line-rate="1" branch-rate="1" complexity="1">
              <lines />
            </method>
          </methods>
          <lines />
        </class>
        <class name="FakeItEasy.Configuration.AnyCallConfiguration" filename="D:\a\FakeItEasy\FakeItEasy\src\FakeItEasy\Generated\CodeGen\CodeGen.OutAndRefParametersGenerator\OutAndRefParameters.g.cs" line-rate="1" branch-rate="1" complexity="8">
          <methods>
            <method name="AssignsOutAndRefParametersLazily&lt;T1&gt;" signature="(...)" line-rate="1" branch-rate="1" complexity="1">
              <lines />
            </method>
            <method name="AssignsOutAndRefParametersLazily&lt;T1, T2&gt;" signature="(...)" line-rate="1" branch-rate="1" complexity="1">
              <lines />
            </method>
            <method name="AssignsOutAndRefParametersLazily&lt;T1, T2, T3&gt;" signature="(...)" line-rate="1" branch-rate="1" complexity="1">
              <lines />
            </method>
            <method name="AssignsOutAndRefParametersLazily&lt;T1, T2, T3, T4&gt;" signature="(...)" line-rate="1" branch-rate="1" complexity="1">
              <lines />
            </method>
            <method name="AssignsOutAndRefParametersLazily&lt;T1, T2, T3, T4, T5&gt;" signature="(...)" line-rate="1" branch-rate="1" complexity="1">
              <lines />
            </method>
            <method name="AssignsOutAndRefParametersLazily&lt;T1, T2, T3, T4, T5, T6&gt;" signature="(...)" line-rate="1" branch-rate="1" complexity="1">
              <lines />
            </method>
            <method name="AssignsOutAndRefParametersLazily&lt;T1, T2, T3, T4, T5, T6, T7&gt;" signature="(...)" line-rate="1" branch-rate="1" complexity="1">
              <lines />
            </method>
            <method name="AssignsOutAndRefParametersLazily&lt;T1, T2, T3, T4, T5, T6, T7, T8&gt;" signature="(...)" line-rate="1" branch-rate="1" complexity="1">
              <lines />
            </method>
          </methods>
          <lines />
        </class>
        <class name="FakeItEasy.Configuration.AnyCallConfiguration.&lt;&gt;c__DisplayClass20_0&lt;T1&gt;" filename="D:\a\FakeItEasy\FakeItEasy\src\FakeItEasy\Generated\CodeGen\CodeGen.ExceptionThrowerGenerator\ExceptionThrower.g.cs" line-rate="1" branch-rate="1" complexity="NaN">
          <methods />
          <lines />
        </class>
        <class name="FakeItEasy.Configuration.AnyCallConfiguration.&lt;&gt;c__DisplayClass21_0&lt;T1, T2&gt;" filename="D:\a\FakeItEasy\FakeItEasy\src\FakeItEasy\Generated\CodeGen\CodeGen.ExceptionThrowerGenerator\ExceptionThrower.g.cs" line-rate="1" branch-rate="1" complexity="NaN">
          <methods />
          <lines />
        </class>
        <class name="FakeItEasy.Configuration.AnyCallConfiguration.&lt;&gt;c__DisplayClass22_0&lt;T1, T2, T3&gt;" filename="D:\a\FakeItEasy\FakeItEasy\src\FakeItEasy\Generated\CodeGen\CodeGen.ExceptionThrowerGenerator\ExceptionThrower.g.cs" line-rate="1" branch-rate="1" complexity="NaN">
          <methods />
          <lines />
        </class>
        <class name="FakeItEasy.Configuration.AnyCallConfiguration.&lt;&gt;c__DisplayClass23_0&lt;T1, T2, T3, T4&gt;" filename="D:\a\FakeItEasy\FakeItEasy\src\FakeItEasy\Generated\CodeGen\CodeGen.ExceptionThrowerGenerator\ExceptionThrower.g.cs" line-rate="1" branch-rate="1" complexity="NaN">
          <methods />
          <lines />
        </class>
        <class name="FakeItEasy.Configuration.AnyCallConfiguration.&lt;&gt;c__DisplayClass24_0&lt;T1, T2, T3, T4, T5&gt;" filename="D:\a\FakeItEasy\FakeItEasy\src\FakeItEasy\Generated\CodeGen\CodeGen.ExceptionThrowerGenerator\ExceptionThrower.g.cs" line-rate="1" branch-rate="1" complexity="NaN">
          <methods />
          <lines />
        </class>
        <class name="FakeItEasy.Configuration.AnyCallConfiguration.&lt;&gt;c__DisplayClass25_0&lt;T1, T2, T3, T4, T5, T6&gt;" filename="D:\a\FakeItEasy\FakeItEasy\src\FakeItEasy\Generated\CodeGen\CodeGen.ExceptionThrowerGenerator\ExceptionThrower.g.cs" line-rate="1" branch-rate="1" complexity="NaN">
          <methods />
          <lines />
        </class>
        <class name="FakeItEasy.Configuration.AnyCallConfiguration.&lt;&gt;c__DisplayClass26_0&lt;T1, T2, T3, T4, T5, T6, T7&gt;" filename="D:\a\FakeItEasy\FakeItEasy\src\FakeItEasy\Generated\CodeGen\CodeGen.ExceptionThrowerGenerator\ExceptionThrower.g.cs" line-rate="1" branch-rate="1" complexity="NaN">
          <methods />
          <lines />
        </class>
        <class name="FakeItEasy.Configuration.AnyCallConfiguration.&lt;&gt;c__DisplayClass27_0&lt;T1, T2, T3, T4, T5, T6, T7, T8&gt;" filename="D:\a\FakeItEasy\FakeItEasy\src\FakeItEasy\Generated\CodeGen\CodeGen.ExceptionThrowerGenerator\ExceptionThrower.g.cs" line-rate="1" branch-rate="1" complexity="NaN">
          <methods />
          <lines />
        </class>
        <class name="FakeItEasy.Configuration.AnyCallConfiguration.&lt;&gt;c__DisplayClass29_0&lt;T1&gt;" filename="D:\a\FakeItEasy\FakeItEasy\src\FakeItEasy\Generated\CodeGen\CodeGen.OutAndRefParametersGenerator\OutAndRefParameters.g.cs" line-rate="1" branch-rate="1" complexity="NaN">
          <methods />
          <lines />
        </class>
        <class name="FakeItEasy.Configuration.AnyCallConfiguration.&lt;&gt;c__DisplayClass30_0&lt;T1, T2&gt;" filename="D:\a\FakeItEasy\FakeItEasy\src\FakeItEasy\Generated\CodeGen\CodeGen.OutAndRefParametersGenerator\OutAndRefParameters.g.cs" line-rate="1" branch-rate="1" complexity="NaN">
          <methods />
          <lines />
        </class>
        <class name="FakeItEasy.Configuration.AnyCallConfiguration.&lt;&gt;c__DisplayClass31_0&lt;T1, T2, T3&gt;" filename="D:\a\FakeItEasy\FakeItEasy\src\FakeItEasy\Generated\CodeGen\CodeGen.OutAndRefParametersGenerator\OutAndRefParameters.g.cs" line-rate="1" branch-rate="1" complexity="NaN">
          <methods />
          <lines />
        </class>
        <class name="FakeItEasy.Configuration.AnyCallConfiguration.&lt;&gt;c__DisplayClass32_0&lt;T1, T2, T3, T4&gt;" filename="D:\a\FakeItEasy\FakeItEasy\src\FakeItEasy\Generated\CodeGen\CodeGen.OutAndRefParametersGenerator\OutAndRefParameters.g.cs" line-rate="1" branch-rate="1" complexity="NaN">
          <methods />
          <lines />
        </class>
        <class name="FakeItEasy.Configuration.AnyCallConfiguration.&lt;&gt;c__DisplayClass33_0&lt;T1, T2, T3, T4, T5&gt;" filename="D:\a\FakeItEasy\FakeItEasy\src\FakeItEasy\Generated\CodeGen\CodeGen.OutAndRefParametersGenerator\OutAndRefParameters.g.cs" line-rate="1" branch-rate="1" complexity="NaN">
          <methods />
          <lines />
        </class>
        <class name="FakeItEasy.Configuration.AnyCallConfiguration.&lt;&gt;c__DisplayClass34_0&lt;T1, T2, T3, T4, T5, T6&gt;" filename="D:\a\FakeItEasy\FakeItEasy\src\FakeItEasy\Generated\CodeGen\CodeGen.OutAndRefParametersGenerator\OutAndRefParameters.g.cs" line-rate="1" branch-rate="1" complexity="NaN">
          <methods />
          <lines />
        </class>
        <class name="FakeItEasy.Configuration.AnyCallConfiguration.&lt;&gt;c__DisplayClass35_0&lt;T1, T2, T3, T4, T5, T6, T7&gt;" filename="D:\a\FakeItEasy\FakeItEasy\src\FakeItEasy\Generated\CodeGen\CodeGen.OutAndRefParametersGenerator\OutAndRefParameters.g.cs" line-rate="1" branch-rate="1" complexity="NaN">
          <methods />
          <lines />
        </class>
        <class name="FakeItEasy.Configuration.AnyCallConfiguration.&lt;&gt;c__DisplayClass36_0&lt;T1, T2, T3, T4, T5, T6, T7, T8&gt;" filename="D:\a\FakeItEasy\FakeItEasy\src\FakeItEasy\Generated\CodeGen\CodeGen.OutAndRefParametersGenerator\OutAndRefParameters.g.cs" line-rate="1" branch-rate="1" complexity="NaN">
          <methods />
          <lines />
        </class>
        <class name="FakeItEasy.Configuration.AnyCallConfigurationWithNoReturnTypeSpecifiedExtensions" filename="D:\a\FakeItEasy\FakeItEasy\src\FakeItEasy\Configuration\AnyCallConfigurationWithNoReturnTypeSpecifiedExtensions.cs" line-rate="1" branch-rate="1" complexity="1">
          <methods>
            <method name="MatchingEventAction" signature="(...)" line-rate="1" branch-rate="1" complexity="1">
              <lines />
            </method>
          </methods>
          <lines />
        </class>
        <class name="FakeItEasy.Configuration.ArgumentCollection" filename="D:\a\FakeItEasy\FakeItEasy\src\FakeItEasy\Configuration\ArgumentCollection.cs" line-rate="1" branch-rate="1" complexity="17">
          <methods>
            <method name=".ctor" signature="(...)" line-rate="1" branch-rate="1" complexity="2">
              <lines />
            </method>
            <method name="get_Count" signature="()" line-rate="1" branch-rate="1" complexity="1">
              <lines />
            </method>
            <method name="get_ArgumentNames" signature="()" line-rate="1" branch-rate="1" complexity="1">
              <lines />
            </method>
            <method name="get_Method" signature="()" line-rate="1" branch-rate="1" complexity="1">
              <lines />
            </method>
            <method name="get_Item" signature="(...)" line-rate="1" branch-rate="1" complexity="1">
              <lines />
            </method>
            <method name="GetEnumerator" signature="()" line-rate="1" branch-rate="1" complexity="1">
              <lines />
            </method>
            <method name="System.Collections.IEnumerable.GetEnumerator" signature="()" line-rate="1" branch-rate="1" complexity="1">
              <lines />
            </method>
            <method name="Get&lt;T&gt;" signature="(...)" line-rate="1" branch-rate="1" complexity="1">
              <lines />
            </method>
            <method name="Get&lt;T&gt;" signature="(...)" line-rate="1" branch-rate="1" complexity="1">
              <lines />
            </method>
            <method name="GetUnderlyingArgumentsArray" signature="()" line-rate="1" branch-rate="1" complexity="1">
              <lines />
            </method>
            <method name="GetArgumentNames" signature="()" line-rate="1" branch-rate="1" complexity="2">
              <lines />
            </method>
            <method name="GetArgumentIndex" signature="(...)" line-rate="1" branch-rate="1" complexity="4">
              <lines />
            </method>
          </methods>
          <lines />
        </class>
        <class name="FakeItEasy.Configuration.BuildableCallRule" filename="D:\a\FakeItEasy\FakeItEasy\src\FakeItEasy\Configuration\BuildableCallRule.cs" line-rate="1" branch-rate="1" complexity="48">
          <methods>
            <method name=".ctor" signature="()" line-rate="1" branch-rate="1" complexity="1">
              <lines />
            </method>
            <method name="get_CallBaseMethod" signature="()" line-rate="1" branch-rate="1" complexity="1">
              <lines />
            </method>
            <method name="set_CallBaseMethod" signature="(...)" line-rate="1" branch-rate="1" complexity="1">
              <lines />
            </method>
            <method name="get_CallWrappedMethodOn" signature="()" line-rate="1" branch-rate="1" complexity="1">
              <lines />
            </method>
            <method name="set_CallWrappedMethodOn" signature="(...)" line-rate="1" branch-rate="1" complexity="1">
              <lines />
            </method>
            <method name="get_NumberOfTimesToCall" signature="()" line-rate="1" branch-rate="1" complexity="1">
              <lines />
            </method>
            <method name="set_NumberOfTimesToCall" signature="(...)" line-rate="1" branch-rate="1" complexity="1">
              <lines />
            </method>
            <method name="get_OutAndRefParametersValueProducer" signature="()" line-rate="1" branch-rate="1" complexity="1">
              <lines />
            </method>
            <method name="set_OutAndRefParametersValueProducer" signature="(...)" line-rate="1" branch-rate="1" complexity="1">
              <lines />
            </method>
            <method name="AddAction" signature="(...)" line-rate="1" branch-rate="1" complexity="1">
              <lines />
            </method>
            <method name="UseApplicator" signature="(...)" line-rate="1" branch-rate="1" complexity="2">
              <lines />
            </method>
            <method name="UseDefaultApplicator" signature="()" line-rate="1" branch-rate="1" complexity="1">
              <lines />
            </method>
            <method name="Apply" signature="(...)" line-rate="1" branch-rate="1" complexity="10">
              <lines />
            </method>
            <method name="IsApplicableTo" signature="(...)" line-rate="1" branch-rate="1" complexity="2">
              <lines />
            </method>
            <method name="WriteDescriptionOfValidCall" signature="(...)" line-rate="1" branch-rate="1" complexity="2">
              <lines />
            </method>
            <method name="ApplyWherePredicate" signature="(...)" line-rate="1" branch-rate="1" complexity="1">
              <lines />
            </method>
            <method name="CloneCallSpecification" signature="()" line-rate="1" branch-rate="1" complexity="1">
              <lines />
            </method>
            <method name="SetOutAndRefParametersValueProducer" signature="(...)" line-rate="1" branch-rate="1" complexity="2">
              <lines />
            </method>
            <method name="GetIndexesOfOutAndRefParameters" signature="(...)" line-rate="1" branch-rate="1" complexity="4">
              <lines />
            </method>
            <method name="ApplyOutAndRefParametersValueProducer" signature="(...)" line-rate="1" branch-rate="1" complexity="8">
              <lines />
            </method>
            <method name=".cctor" signature="()" line-rate="1" branch-rate="1" complexity="1">
              <lines />
            </method>
            <method name=".ctor" signature="(...)" line-rate="1" branch-rate="1" complexity="1">
              <lines />
            </method>
            <method name="WriteDescription" signature="(...)" line-rate="1" branch-rate="1" complexity="1">
              <lines />
            </method>
            <method name="Matches" signature="(...)" line-rate="1" branch-rate="1" complexity="1">
              <lines />
            </method>
            <method name="GetDescription" signature="()" line-rate="1" branch-rate="1" complexity="1">
              <lines />
            </method>
          </methods>
          <lines />
        </class>
        <class name="FakeItEasy.Configuration.BuildableCallRule.WherePredicate" filename="D:\a\FakeItEasy\FakeItEasy\src\FakeItEasy\Configuration\BuildableCallRule.cs" line-rate="1" branch-rate="1" complexity="4">
          <methods>
            <method name=".ctor" signature="(...)" line-rate="1" branch-rate="1" complexity="1">
              <lines />
            </method>
            <method name="WriteDescription" signature="(...)" line-rate="1" branch-rate="1" complexity="1">
              <lines />
            </method>
            <method name="Matches" signature="(...)" line-rate="1" branch-rate="1" complexity="1">
              <lines />
            </method>
            <method name="GetDescription" signature="()" line-rate="1" branch-rate="1" complexity="1">
              <lines />
            </method>
          </methods>
          <lines />
        </class>
        <class name="FakeItEasy.Configuration.DefaultInterceptionAsserter" filename="D:\a\FakeItEasy\FakeItEasy\src\FakeItEasy\Configuration\DefaultInterceptionAsserter.cs" line-rate="1" branch-rate="1" complexity="5">
          <methods>
            <method name=".ctor" signature="(...)" line-rate="1" branch-rate="1" complexity="1">
              <lines />
            </method>
            <method name="AssertThatMethodCanBeInterceptedOnInstance" signature="(...)" line-rate="1" branch-rate="1" complexity="4">
              <lines />
            </method>
          </methods>
          <lines />
        </class>
        <class name="FakeItEasy.Configuration.FakeConfigurationException" filename="D:\a\FakeItEasy\FakeItEasy\src\FakeItEasy\Configuration\FakeConfigurationException.cs" line-rate="1" branch-rate="1" complexity="3">
          <methods>
            <method name=".ctor" signature="()" line-rate="1" branch-rate="1" complexity="1">
              <lines />
            </method>
            <method name=".ctor" signature="(...)" line-rate="1" branch-rate="1" complexity="1">
              <lines />
            </method>
            <method name=".ctor" signature="(...)" line-rate="1" branch-rate="1" complexity="1">
              <lines />
            </method>
          </methods>
          <lines />
        </class>
        <class name="FakeItEasy.Configuration.FakeConfigurationManager" filename="D:\a\FakeItEasy\FakeItEasy\src\FakeItEasy\Configuration\FakeConfigurationManager.cs" line-rate="1" branch-rate="1" complexity="9">
          <methods>
            <method name=".ctor" signature="(...)" line-rate="1" branch-rate="1" complexity="1">
              <lines />
            </method>
            <method name="CallTo" signature="(...)" line-rate="1" branch-rate="1" complexity="1">
              <lines />
            </method>
            <method name="CallTo&lt;T&gt;" signature="(...)" line-rate="1" branch-rate="1" complexity="1">
              <lines />
            </method>
            <method name="CallTo" signature="(...)" line-rate="1" branch-rate="1" complexity="1">
              <lines />
            </method>
            <method name="CallToSet&lt;TValue&gt;" signature="(...)" line-rate="1" branch-rate="1" complexity="1">
              <lines />
            </method>
            <method name="GuardAgainstNonFake" signature="(...)" line-rate="1" branch-rate="1" complexity="2">
              <lines />
            </method>
            <method name="CreateVoidArgumentValidationConfiguration" signature="(...)" line-rate="1" branch-rate="1" complexity="1">
              <lines />
            </method>
            <method name="AssertThatMemberCanBeIntercepted" signature="(...)" line-rate="1" branch-rate="1" complexity="1">
              <lines />
            </method>
          </methods>
          <lines />
        </class>
        <class name="FakeItEasy.Configuration.FakeConfigurationManager.&lt;&gt;c__DisplayClass8_0&lt;TValue&gt;" filename="D:\a\FakeItEasy\FakeItEasy\src\FakeItEasy\Configuration\FakeConfigurationManager.cs" line-rate="1" branch-rate="1" complexity="NaN">
          <methods />
          <lines />
        </class>
        <class name="FakeItEasy.Configuration.PropertyExpressionHelper" filename="D:\a\FakeItEasy\FakeItEasy\src\FakeItEasy\Configuration\PropertyExpressionHelper.cs" line-rate="1" branch-rate="1" complexity="17">
          <methods>
            <method name="BuildSetterFromGetter&lt;TValue&gt;" signature="(...)" line-rate="1" branch-rate="1" complexity="8">
              <lines />
            </method>
            <method name="GetExpressionDescription" signature="(...)" line-rate="1" branch-rate="1" complexity="1">
              <lines />
            </method>
            <method name="GetPropertyName" signature="(...)" line-rate="1" branch-rate="1" complexity="6">
              <lines />
            </method>
            <method name="HasThis" signature="(...)" line-rate="1" branch-rate="1" complexity="1">
              <lines />
            </method>
            <method name="BuildArgumentThatMatchesAnything&lt;TValue&gt;" signature="()" line-rate="1" branch-rate="1" complexity="1">
              <lines />
            </method>
          </methods>
          <lines />
        </class>
        <class name="FakeItEasy.Configuration.PropertySetterConfiguration.&lt;&gt;c__DisplayClass22_0&lt;TValue, T1&gt;" filename="D:\a\FakeItEasy\FakeItEasy\src\FakeItEasy\Generated\CodeGen\CodeGen.ExceptionThrowerGenerator\ExceptionThrower.g.cs" line-rate="1" branch-rate="1" complexity="NaN">
          <methods />
          <lines />
        </class>
        <class name="FakeItEasy.Configuration.PropertySetterConfiguration.&lt;&gt;c__DisplayClass23_0&lt;TValue, T1, T2&gt;" filename="D:\a\FakeItEasy\FakeItEasy\src\FakeItEasy\Generated\CodeGen\CodeGen.ExceptionThrowerGenerator\ExceptionThrower.g.cs" line-rate="1" branch-rate="1" complexity="NaN">
          <methods />
          <lines />
        </class>
        <class name="FakeItEasy.Configuration.PropertySetterConfiguration.&lt;&gt;c__DisplayClass24_0&lt;TValue, T1, T2, T3&gt;" filename="D:\a\FakeItEasy\FakeItEasy\src\FakeItEasy\Generated\CodeGen\CodeGen.ExceptionThrowerGenerator\ExceptionThrower.g.cs" line-rate="1" branch-rate="1" complexity="NaN">
          <methods />
          <lines />
        </class>
        <class name="FakeItEasy.Configuration.PropertySetterConfiguration.&lt;&gt;c__DisplayClass25_0&lt;TValue, T1, T2, T3, T4&gt;" filename="D:\a\FakeItEasy\FakeItEasy\src\FakeItEasy\Generated\CodeGen\CodeGen.ExceptionThrowerGenerator\ExceptionThrower.g.cs" line-rate="1" branch-rate="1" complexity="NaN">
          <methods />
          <lines />
        </class>
        <class name="FakeItEasy.Configuration.PropertySetterConfiguration.&lt;&gt;c__DisplayClass26_0&lt;TValue, T1, T2, T3, T4, T5&gt;" filename="D:\a\FakeItEasy\FakeItEasy\src\FakeItEasy\Generated\CodeGen\CodeGen.ExceptionThrowerGenerator\ExceptionThrower.g.cs" line-rate="1" branch-rate="1" complexity="NaN">
          <methods />
          <lines />
        </class>
        <class name="FakeItEasy.Configuration.PropertySetterConfiguration.&lt;&gt;c__DisplayClass27_0&lt;TValue, T1, T2, T3, T4, T5, T6&gt;" filename="D:\a\FakeItEasy\FakeItEasy\src\FakeItEasy\Generated\CodeGen\CodeGen.ExceptionThrowerGenerator\ExceptionThrower.g.cs" line-rate="1" branch-rate="1" complexity="NaN">
          <methods />
          <lines />
        </class>
        <class name="FakeItEasy.Configuration.PropertySetterConfiguration.&lt;&gt;c__DisplayClass28_0&lt;TValue, T1, T2, T3, T4, T5, T6, T7&gt;" filename="D:\a\FakeItEasy\FakeItEasy\src\FakeItEasy\Generated\CodeGen\CodeGen.ExceptionThrowerGenerator\ExceptionThrower.g.cs" line-rate="1" branch-rate="1" complexity="NaN">
          <methods />
          <lines />
        </class>
        <class name="FakeItEasy.Configuration.PropertySetterConfiguration.&lt;&gt;c__DisplayClass29_0&lt;TValue, T1, T2, T3, T4, T5, T6, T7, T8&gt;" filename="D:\a\FakeItEasy\FakeItEasy\src\FakeItEasy\Generated\CodeGen\CodeGen.ExceptionThrowerGenerator\ExceptionThrower.g.cs" line-rate="1" branch-rate="1" complexity="NaN">
          <methods />
          <lines />
        </class>
        <class name="FakeItEasy.Configuration.PropertySetterConfiguration.PropertySetterAdapter.&lt;&gt;c__DisplayClass10_0&lt;TValue, T1&gt;" filename="D:\a\FakeItEasy\FakeItEasy\src\FakeItEasy\Generated\CodeGen\CodeGen.ExceptionThrowerGenerator\ExceptionThrower.g.cs" line-rate="1" branch-rate="1" complexity="NaN">
          <methods />
          <lines />
        </class>
        <class name="FakeItEasy.Configuration.PropertySetterConfiguration.PropertySetterAdapter.&lt;&gt;c__DisplayClass11_0&lt;TValue, T1, T2&gt;" filename="D:\a\FakeItEasy\FakeItEasy\src\FakeItEasy\Generated\CodeGen\CodeGen.ExceptionThrowerGenerator\ExceptionThrower.g.cs" line-rate="1" branch-rate="1" complexity="NaN">
          <methods />
          <lines />
        </class>
        <class name="FakeItEasy.Configuration.PropertySetterConfiguration.PropertySetterAdapter.&lt;&gt;c__DisplayClass12_0&lt;TValue, T1, T2, T3&gt;" filename="D:\a\FakeItEasy\FakeItEasy\src\FakeItEasy\Generated\CodeGen\CodeGen.ExceptionThrowerGenerator\ExceptionThrower.g.cs" line-rate="1" branch-rate="1" complexity="NaN">
          <methods />
          <lines />
        </class>
        <class name="FakeItEasy.Configuration.PropertySetterConfiguration.PropertySetterAdapter.&lt;&gt;c__DisplayClass13_0&lt;TValue, T1, T2, T3, T4&gt;" filename="D:\a\FakeItEasy\FakeItEasy\src\FakeItEasy\Generated\CodeGen\CodeGen.ExceptionThrowerGenerator\ExceptionThrower.g.cs" line-rate="1" branch-rate="1" complexity="NaN">
          <methods />
          <lines />
        </class>
        <class name="FakeItEasy.Configuration.PropertySetterConfiguration.PropertySetterAdapter.&lt;&gt;c__DisplayClass14_0&lt;TValue, T1, T2, T3, T4, T5&gt;" filename="D:\a\FakeItEasy\FakeItEasy\src\FakeItEasy\Generated\CodeGen\CodeGen.ExceptionThrowerGenerator\ExceptionThrower.g.cs" line-rate="1" branch-rate="1" complexity="NaN">
          <methods />
          <lines />
        </class>
        <class name="FakeItEasy.Configuration.PropertySetterConfiguration.PropertySetterAdapter.&lt;&gt;c__DisplayClass15_0&lt;TValue, T1, T2, T3, T4, T5, T6&gt;" filename="D:\a\FakeItEasy\FakeItEasy\src\FakeItEasy\Generated\CodeGen\CodeGen.ExceptionThrowerGenerator\ExceptionThrower.g.cs" line-rate="1" branch-rate="1" complexity="NaN">
          <methods />
          <lines />
        </class>
        <class name="FakeItEasy.Configuration.PropertySetterConfiguration.PropertySetterAdapter.&lt;&gt;c__DisplayClass16_0&lt;TValue, T1, T2, T3, T4, T5, T6, T7&gt;" filename="D:\a\FakeItEasy\FakeItEasy\src\FakeItEasy\Generated\CodeGen\CodeGen.ExceptionThrowerGenerator\ExceptionThrower.g.cs" line-rate="1" branch-rate="1" complexity="NaN">
          <methods />
          <lines />
        </class>
        <class name="FakeItEasy.Configuration.PropertySetterConfiguration.PropertySetterAdapter.&lt;&gt;c__DisplayClass17_0&lt;TValue, T1, T2, T3, T4, T5, T6, T7, T8&gt;" filename="D:\a\FakeItEasy\FakeItEasy\src\FakeItEasy\Generated\CodeGen\CodeGen.ExceptionThrowerGenerator\ExceptionThrower.g.cs" line-rate="1" branch-rate="1" complexity="NaN">
          <methods />
          <lines />
        </class>
        <class name="FakeItEasy.Configuration.PropertySetterConfiguration.PropertySetterAdapter&lt;TValue&gt;" filename="D:\a\FakeItEasy\FakeItEasy\src\FakeItEasy\Configuration\PropertySetterConfiguration.cs" line-rate="1" branch-rate="1" complexity="9">
          <methods>
            <method name=".ctor" signature="(...)" line-rate="1" branch-rate="1" complexity="1">
              <lines />
            </method>
            <method name="Throws" signature="(...)" line-rate="1" branch-rate="1" complexity="1">
              <lines />
            </method>
            <method name="Throws&lt;T&gt;" signature="()" line-rate="1" branch-rate="1" complexity="1">
              <lines />
            </method>
            <method name="CallsBaseMethod" signature="()" line-rate="1" branch-rate="1" complexity="1">
              <lines />
            </method>
            <method name="CallsWrappedMethod" signature="()" line-rate="1" branch-rate="1" complexity="1">
              <lines />
            </method>
            <method name="MustHaveHappened" signature="(...)" line-rate="1" branch-rate="1" complexity="1">
              <lines />
            </method>
            <method name="MustHaveHappenedANumberOfTimesMatching" signature="(...)" line-rate="1" branch-rate="1" complexity="1">
              <lines />
            </method>
            <method name="DoesNothing" signature="()" line-rate="1" branch-rate="1" complexity="1">
              <lines />
            </method>
            <method name="Invokes" signature="(...)" line-rate="1" branch-rate="1" complexity="1">
              <lines />
            </method>
          </methods>
          <lines />
        </class>
        <class name="FakeItEasy.Configuration.PropertySetterConfiguration.PropertySetterAdapter&lt;TValue&gt;" filename="D:\a\FakeItEasy\FakeItEasy\src\FakeItEasy\Generated\CodeGen\CodeGen.ExceptionThrowerGenerator\ExceptionThrower.g.cs" line-rate="1" branch-rate="1" complexity="8">
          <methods>
            <method name="Throws&lt;T1&gt;" signature="(...)" line-rate="1" branch-rate="1" complexity="1">
[...]
                <line number="140" hits="1" branch="false" />
                <line number="143" hits="1" branch="false" />
                <line number="145" hits="1" branch="false" />
              </lines>
            </method>
            <method name="SplitRoutineCommands" signature="(...)" line-rate="0.923076923076923" branch-rate="0.9" complexity="10">
              <lines>
                <line number="156" hits="1" branch="false" />
                <line number="157" hits="1" branch="false" />
                <line number="158" hits="1" branch="false" />
                <line number="160" hits="1" branch="true" condition-coverage="100% (2/2)" />
                <line number="162" hits="1" branch="true" condition-coverage="50% (1/2)" />
                <line number="163" hits="0" branch="false" />
                <line number="166" hits="1" branch="true" condition-coverage="100% (4/4)" />
                <line number="168" hits="1" branch="false" />
                <line number="169" hits="1" branch="false" />
                <line number="173" hits="1" branch="false" />
                <line number="178" hits="1" branch="true" condition-coverage="100% (2/2)" />
                <line number="179" hits="1" branch="false" />
                <line number="181" hits="1" branch="false" />
              </lines>
            </method>
            <method name="PreExpandNamedRoutines" signature="(...)" line-rate="1" branch-rate="1" complexity="2">
              <lines>
                <line number="193" hits="1" branch="false" />
                <line number="196" hits="1" branch="true" condition-coverage="100% (2/2)" />
                <line number="198" hits="1" branch="false" />
                <line number="199" hits="1" branch="false" />
                <line number="200" hits="1" branch="false" />
                <line number="201" hits="1" branch="false" />
                <line number="202" hits="1" branch="false" />
                <line number="204" hits="1" branch="false" />
              </lines>
            </method>
            <method name="ExpandValueSafely" signature="(...)" line-rate="0.8" branch-rate="0.833333333333333" complexity="6">
              <lines>
                <line number="215" hits="1" branch="false" />
                <line number="220" hits="1" branch="false" />
                <line number="222" hits="1" branch="true" condition-coverage="100% (2/2)" />
                <line number="224" hits="1" branch="false" />
                <line number="225" hits="1" branch="false" />
                <line number="227" hits="1" branch="true" condition-coverage="50% (1/2)" />
                <line number="229" hits="0" branch="false" />
                <line number="230" hits="0" branch="false" />
                <line number="234" hits="1" branch="true" condition-coverage="100% (2/2)" />
                <line number="236" hits="1" branch="false" />
              </lines>
            </method>
            <method name="ReplaceNamedRoutinesSafely" signature="(...)" line-rate="1" branch-rate="1" complexity="4">
              <lines>
                <line number="247" hits="1" branch="false" />
                <line number="249" hits="1" branch="true" condition-coverage="100% (2/2)" />
                <line number="251" hits="1" branch="true" condition-coverage="100% (2/2)" />
                <line number="252" hits="1" branch="false" />
                <line number="255" hits="1" branch="false" />
              </lines>
            </method>
            <method name="ContainsWholeWord" signature="(...)" line-rate="1" branch-rate="1" complexity="1">
              <lines>
                <line number="267" hits="1" branch="false" />
              </lines>
            </method>
            <method name="CleanupSemicolons" signature="(...)" line-rate="0.666666666666667" branch-rate="0.5" complexity="2">
              <lines>
                <line number="277" hits="1" branch="true" condition-coverage="50% (1/2)" />
                <line number="278" hits="0" branch="false" />
                <line number="280" hits="1" branch="false" />
              </lines>
            </method>
          </methods>
          <lines>
            <line number="23" hits="1" branch="false" />
            <line number="29" hits="1" branch="false" />
            <line number="34" hits="1" branch="false" />
            <line number="39" hits="1" branch="false" />
            <line number="46" hits="1" branch="false" />
            <line number="48" hits="1" branch="false" />
            <line number="50" hits="1" branch="false" />
            <line number="51" hits="1" branch="false" />
            <line number="62" hits="1" branch="false" />
            <line number="63" hits="1" branch="false" />
            <line number="66" hits="1" branch="true" condition-coverage="100% (2/2)" />
            <line number="69" hits="1" branch="false" />
            <line number="72" hits="1" branch="false" />
            <line number="76" hits="1" branch="true" condition-coverage="50% (1/2)" />
            <line number="78" hits="0" branch="false" />
            <line number="81" hits="0" branch="false" />
            <line number="83" hits="1" branch="false" />
            <line number="90" hits="1" branch="false" />
            <line number="92" hits="1" branch="false" />
            <line number="94" hits="1" branch="true" condition-coverage="100% (2/2)" />
            <line number="96" hits="1" branch="true" condition-coverage="100% (2/2)" />
            <line number="97" hits="1" branch="false" />
            <line number="99" hits="1" branch="false" />
            <line number="110" hits="1" branch="true" condition-coverage="100% (2/2)" />
            <line number="113" hits="1" branch="false" />
            <line number="114" hits="1" branch="false" />
            <line number="117" hits="1" branch="true" condition-coverage="100% (2/2)" />
            <line number="119" hits="1" branch="false" />
            <line number="122" hits="1" branch="false" />
            <line number="134" hits="1" branch="false" />
            <line number="137" hits="1" branch="false" />
            <line number="140" hits="1" branch="false" />
            <line number="143" hits="1" branch="false" />
            <line number="145" hits="1" branch="false" />
            <line number="156" hits="1" branch="false" />
            <line number="157" hits="1" branch="false" />
            <line number="158" hits="1" branch="false" />
            <line number="160" hits="1" branch="true" condition-coverage="100% (2/2)" />
            <line number="162" hits="1" branch="true" condition-coverage="50% (1/2)" />
            <line number="163" hits="0" branch="false" />
            <line number="166" hits="1" branch="true" condition-coverage="100% (4/4)" />
            <line number="168" hits="1" branch="false" />
            <line number="169" hits="1" branch="false" />
            <line number="173" hits="1" branch="false" />
            <line number="178" hits="1" branch="true" condition-coverage="100% (2/2)" />
            <line number="179" hits="1" branch="false" />
            <line number="181" hits="1" branch="false" />
            <line number="193" hits="1" branch="false" />
            <line number="196" hits="1" branch="true" condition-coverage="100% (2/2)" />
            <line number="198" hits="1" branch="false" />
            <line number="199" hits="1" branch="false" />
            <line number="200" hits="1" branch="false" />
            <line number="201" hits="1" branch="false" />
            <line number="202" hits="1" branch="false" />
            <line number="204" hits="1" branch="false" />
            <line number="215" hits="1" branch="false" />
            <line number="220" hits="1" branch="false" />
            <line number="222" hits="1" branch="true" condition-coverage="100% (2/2)" />
            <line number="224" hits="1" branch="false" />
            <line number="225" hits="1" branch="false" />
            <line number="227" hits="1" branch="true" condition-coverage="50% (1/2)" />
            <line number="229" hits="0" branch="false" />
            <line number="230" hits="0" branch="false" />
            <line number="234" hits="1" branch="true" condition-coverage="100% (2/2)" />
            <line number="236" hits="1" branch="false" />
            <line number="247" hits="1" branch="false" />
            <line number="249" hits="1" branch="true" condition-coverage="100% (2/2)" />
            <line number="251" hits="1" branch="true" condition-coverage="100% (2/2)" />
            <line number="252" hits="1" branch="false" />
            <line number="255" hits="1" branch="false" />
            <line number="267" hits="1" branch="false" />
            <line number="277" hits="1" branch="true" condition-coverage="50% (1/2)" />
            <line number="278" hits="0" branch="false" />
            <line number="280" hits="1" branch="false" />
          </lines>
        </class>
        <class name="IngameScript.ToggleConnectorCommand" filename="C:\Users\nun_o\source\repos\Mother\MotherCore\MotherCore\Modules\ConnectorModule\Commands\ToggleConnectorCommand.cs" line-rate="0" branch-rate="0" complexity="6">
          <methods>
            <method name="get_Name" signature="()" line-rate="0" branch-rate="1" complexity="1">
              <lines>
                <line number="36" hits="0" branch="false" />
              </lines>
            </method>
            <method name=".ctor" signature="(...)" line-rate="0" branch-rate="1" complexity="1">
              <lines>
                <line number="42" hits="0" branch="false" />
                <line number="44" hits="0" branch="false" />
                <line number="45" hits="0" branch="false" />
              </lines>
            </method>
            <method name="Execute" signature="(...)" line-rate="0" branch-rate="0" complexity="4">
              <lines>
                <line number="54" hits="0" branch="true" condition-coverage="0% (0/2)" />
                <line number="55" hits="0" branch="false" />
                <line number="59" hits="0" branch="false" />
                <line number="61" hits="0" branch="false" />
                <line number="63" hits="0" branch="true" condition-coverage="0% (0/2)" />
                <line number="64" hits="0" branch="false" />
                <line number="66" hits="0" branch="false" />
                <line number="68" hits="0" branch="false" />
              </lines>
            </method>
          </methods>
          <lines>
            <line number="36" hits="0" branch="false" />
            <line number="42" hits="0" branch="false" />
            <line number="44" hits="0" branch="false" />
            <line number="45" hits="0" branch="false" />
            <line number="54" hits="0" branch="true" condition-coverage="0% (0/2)" />
            <line number="55" hits="0" branch="false" />
            <line number="59" hits="0" branch="false" />
            <line number="61" hits="0" branch="false" />
            <line number="63" hits="0" branch="true" condition-coverage="0% (0/2)" />
            <line number="64" hits="0" branch="false" />
            <line number="66" hits="0" branch="false" />
            <line number="68" hits="0" branch="false" />
          </lines>
        </class>
        <class name="IngameScript.UnlockConnectorCommand" filename="C:\Users\nun_o\source\repos\Mother\MotherCore\MotherCore\Modules\ConnectorModule\Commands\UnlockConnectorCommand.cs" line-rate="0" branch-rate="0" complexity="6">
          <methods>
            <method name="get_Name" signature="()" line-rate="0" branch-rate="1" complexity="1">
              <lines>
                <line number="36" hits="0" branch="false" />
              </lines>
            </method>
            <method name=".ctor" signature="(...)" line-rate="0" branch-rate="1" complexity="1">
              <lines>
                <line number="42" hits="0" branch="false" />
                <line number="44" hits="0" branch="false" />
                <line number="45" hits="0" branch="false" />
              </lines>
            </method>
            <method name="Execute" signature="(...)" line-rate="0" branch-rate="0" complexity="4">
              <lines>
                <line number="54" hits="0" branch="true" condition-coverage="0% (0/2)" />
                <line number="55" hits="0" branch="false" />
                <line number="59" hits="0" branch="false" />
                <line number="61" hits="0" branch="false" />
                <line number="63" hits="0" branch="true" condition-coverage="0% (0/2)" />
                <line number="64" hits="0" branch="false" />
                <line number="66" hits="0" branch="false" />
                <line number="68" hits="0" branch="false" />
              </lines>
            </method>
          </methods>
          <lines>
            <line number="36" hits="0" branch="false" />
            <line number="42" hits="0" branch="false" />
            <line number="44" hits="0" branch="false" />
            <line number="45" hits="0" branch="false" />
            <line number="54" hits="0" branch="true" condition-coverage="0% (0/2)" />
            <line number="55" hits="0" branch="false" />
            <line number="59" hits="0" branch="false" />
            <line number="61" hits="0" branch="false" />
            <line number="63" hits="0" branch="true" condition-coverage="0% (0/2)" />
            <line number="64" hits="0" branch="false" />
            <line number="66" hits="0" branch="false" />
            <line number="68" hits="0" branch="false" />
          </lines>
        </class>
        <class name="IngameScript.VersionManager" filename="C:\Users\nun_o\source\repos\Mother\MotherCore\MotherCore\Modules\Configuration\VersionManager.cs" line-rate="0" branch-rate="0" complexity="8">
          <methods>
            <method name=".ctor" signature="(...)" line-rate="0" branch-rate="1" complexity="1">
              <lines>
                <line number="41" hits="0" branch="false" />
                <line number="43" hits="0" branch="false" />
                <line number="44" hits="0" branch="false" />
              </lines>
            </method>
            <method name="Run" signature="()" line-rate="0" branch-rate="1" complexity="1">
              <lines>
                <line number="51" hits="0" branch="false" />
                <line number="53" hits="0" branch="false" />
              </lines>
            </method>
            <method name="Version0_2_14" signature="()" line-rate="0" branch-rate="0" complexity="6">
              <lines>
                <line number="64" hits="0" branch="true" condition-coverage="0% (0/2)" />
                <line number="66" hits="0" branch="false" />
                <line number="67" hits="0" branch="false" />
                <line number="69" hits="0" branch="false" />
                <line number="73" hits="0" branch="true" condition-coverage="0% (0/2)" />
                <line number="76" hits="0" branch="false" />
                <line number="78" hits="0" branch="false" />
                <line number="81" hits="0" branch="true" condition-coverage="0% (0/2)" />
                <line number="82" hits="0" branch="false" />
                <line number="84" hits="0" branch="false" />
              </lines>
            </method>
          </methods>
          <lines>
            <line number="41" hits="0" branch="false" />
            <line number="43" hits="0" branch="false" />
            <line number="44" hits="0" branch="false" />
            <line number="51" hits="0" branch="false" />
            <line number="53" hits="0" branch="false" />
            <line number="64" hits="0" branch="true" condition-coverage="0% (0/2)" />
            <line number="66" hits="0" branch="false" />
            <line number="67" hits="0" branch="false" />
            <line number="69" hits="0" branch="false" />
            <line number="73" hits="0" branch="true" condition-coverage="0% (0/2)" />
            <line number="76" hits="0" branch="false" />
            <line number="78" hits="0" branch="false" />
            <line number="81" hits="0" branch="true" condition-coverage="0% (0/2)" />
            <line number="82" hits="0" branch="false" />
            <line number="84" hits="0" branch="false" />
          </lines>
        </class>
        <class name="IngameScript.WaypointRoutineQueue" filename="C:\Users\nun_o\source\repos\Mother\MotherCore\MotherCore\Modules\CommandBus\Queue\WaypointRoutineQueue.cs" line-rate="0.133333333333333" branch-rate="0" complexity="9">
          <methods>
            <method name=".ctor" signature="()" line-rate="1" branch-rate="1" complexity="1">
              <lines>
                <line number="32" hits="1" branch="false" />
                <line number="37" hits="1" branch="false" />
              </lines>
            </method>
            <method name="GetWaypointFromName" signature="(...)" line-rate="0" branch-rate="1" complexity="1">
              <lines>
                <line number="46" hits="0" branch="false" />
              </lines>
            </method>
            <method name="GetRoutineForWaypoint" signature="(...)" line-rate="0" branch-rate="0" complexity="2">
              <lines>
                <line number="56" hits="0" branch="false" />
                <line number="58" hits="0" branch="true" condition-coverage="0% (0/2)" />
                <line number="59" hits="0" branch="false" />
                <line number="60" hits="0" branch="false" />
              </lines>
            </method>
            <method name="ContainsWaypointRoutine" signature="(...)" line-rate="0" branch-rate="1" complexity="1">
              <lines>
                <line number="72" hits="0" branch="false" />
              </lines>
            </method>
            <method name="AddRoutineForWaypoint" signature="(...)" line-rate="0" branch-rate="1" complexity="1">
              <lines>
                <line number="82" hits="0" branch="false" />
                <line number="83" hits="0" branch="false" />
              </lines>
            </method>
            <method name="RemoveRoutineForWaypoint" signature="(...)" line-rate="0" branch-rate="0" complexity="2">
              <lines>
                <line number="91" hits="0" branch="false" />
                <line number="93" hits="0" branch="true" condition-coverage="0% (0/2)" />
                <line number="94" hits="0" branch="false" />
                <line number="95" hits="0" branch="false" />
              </lines>
            </method>
            <method name="IsEmpty" signature="()" line-rate="0" branch-rate="1" complexity="1">
              <lines>
                <line number="101" hits="0" branch="false" />
              </lines>
            </method>
          </methods>
          <lines>
            <line number="32" hits="1" branch="false" />
            <line number="37" hits="1" branch="false" />
            <line number="46" hits="0" branch="false" />
            <line number="56" hits="0" branch="false" />
            <line number="58" hits="0" branch="true" condition-coverage="0% (0/2)" />
            <line number="59" hits="0" branch="false" />
            <line number="60" hits="0" branch="false" />
            <line number="72" hits="0" branch="false" />
            <line number="82" hits="0" branch="false" />
            <line number="83" hits="0" branch="false" />
            <line number="91" hits="0" branch="false" />
            <line number="93" hits="0" branch="true" condition-coverage="0% (0/2)" />
            <line number="94" hits="0" branch="false" />
            <line number="95" hits="0" branch="false" />
            <line number="101" hits="0" branch="false" />
          </lines>
        </class>
      </classes>
    </package>
  </packages>
</coverage>